  [4;36;1mSQL (0.2ms)[0m   [0;1m SELECT name
 FROM sqlite_master
 WHERE type = 'table' AND NOT name = 'sqlite_sequence'
[0m
  [4;35;1mSQL (0.1ms)[0m   [0mselect sqlite_version(*)[0m
  [4;36;1mSQL (2.4ms)[0m   [0;1mCREATE TABLE "schema_migrations" ("version" varchar(255) NOT NULL) [0m
  [4;35;1mSQL (2.0ms)[0m   [0mCREATE UNIQUE INDEX "unique_schema_migrations" ON "schema_migrations" ("version")[0m
  [4;36;1mSQL (0.3ms)[0m   [0;1m SELECT name
 FROM sqlite_master
 WHERE type = 'table' AND NOT name = 'sqlite_sequence'
[0m
  [4;35;1mSQL (0.1ms)[0m   [0mSELECT version FROM schema_migrations[0m
  [4;36;1mSQL (0.4ms)[0m   [0;1m SELECT name
 FROM sqlite_master
 WHERE type = 'table' AND NOT name = 'sqlite_sequence'
[0m
  [4;35;1mSQL (0.1ms)[0m   [0m SELECT name
 FROM sqlite_master
 WHERE type = 'table' AND NOT name = 'sqlite_sequence'
[0m
  [4;36;1mSQL (0.4ms)[0m   [0;1m SELECT name
 FROM sqlite_master
 WHERE type = 'table' AND NOT name = 'sqlite_sequence'
[0m
  [4;35;1mSQL (0.1ms)[0m   [0mSELECT version FROM schema_migrations[0m
  [4;36;1mSQL (0.4ms)[0m   [0;1m SELECT name
 FROM sqlite_master
 WHERE type = 'table' AND NOT name = 'sqlite_sequence'
[0m
  [4;35;1mSQL (0.1ms)[0m   [0mSELECT version FROM schema_migrations[0m
Migrating to ClearanceCreateUsers (20100224191039)
  [4;36;1mSQL (0.1ms)[0m   [0;1mselect sqlite_version(*)[0m
  [4;35;1mSQL (0.6ms)[0m   [0mCREATE TABLE "users" ("id" INTEGER PRIMARY KEY AUTOINCREMENT NOT NULL, "email" varchar(255), "encrypted_password" varchar(128), "salt" varchar(128), "token" varchar(128), "token_expires_at" datetime, "email_confirmed" boolean DEFAULT 'f' NOT NULL, "created_at" datetime, "updated_at" datetime) [0m
  [4;36;1mSQL (0.1ms)[0m   [0;1mCREATE INDEX "index_users_on_id_and_token" ON "users" ("id", "token")[0m
  [4;35;1mSQL (0.1ms)[0m   [0mCREATE INDEX "index_users_on_email" ON "users" ("email")[0m
  [4;36;1mSQL (0.1ms)[0m   [0;1mCREATE INDEX "index_users_on_token" ON "users" ("token")[0m
  [4;35;1mSQL (0.1ms)[0m   [0mINSERT INTO schema_migrations (version) VALUES ('20100224191039')[0m
  [4;36;1mSQL (0.2ms)[0m   [0;1m SELECT name
 FROM sqlite_master
 WHERE type = 'table' AND NOT name = 'sqlite_sequence'
[0m
  [4;35;1mSQL (0.1ms)[0m   [0mSELECT version FROM schema_migrations[0m
  [4;36;1mSQL (0.1ms)[0m   [0;1m SELECT name
 FROM sqlite_master
 WHERE type = 'table' AND NOT name = 'sqlite_sequence'
[0m
  [4;35;1mSQL (0.2ms)[0m   [0mPRAGMA index_list("users")[0m
  [4;36;1mSQL (0.1ms)[0m   [0;1mPRAGMA index_info('index_users_on_token')[0m
  [4;35;1mSQL (0.1ms)[0m   [0mPRAGMA index_info('index_users_on_email')[0m
  [4;36;1mSQL (0.1ms)[0m   [0;1mPRAGMA index_info('index_users_on_id_and_token')[0m
  [4;36;1mSQL (0.5ms)[0m   [0;1m SELECT name
 FROM sqlite_master
 WHERE type = 'table' AND NOT name = 'sqlite_sequence'
[0m
  [4;35;1mSQL (0.1ms)[0m   [0mSELECT version FROM schema_migrations[0m
  [4;36;1mSQL (0.1ms)[0m   [0;1mselect sqlite_version(*)[0m
  [4;35;1mSQL (0.2ms)[0m   [0m SELECT name
 FROM sqlite_master
 WHERE type = 'table' AND NOT name = 'sqlite_sequence'
[0m
  [4;36;1mSQL (1.9ms)[0m   [0;1mCREATE TABLE "users" ("id" INTEGER PRIMARY KEY AUTOINCREMENT NOT NULL, "email" varchar(255), "encrypted_password" varchar(128), "salt" varchar(128), "token" varchar(128), "token_expires_at" datetime, "email_confirmed" boolean DEFAULT 'f' NOT NULL, "created_at" datetime, "updated_at" datetime) [0m
  [4;35;1mSQL (1.7ms)[0m   [0mCREATE INDEX "index_users_on_email" ON "users" ("email")[0m
  [4;36;1mSQL (1.7ms)[0m   [0;1mCREATE INDEX "index_users_on_id_and_token" ON "users" ("id", "token")[0m
  [4;35;1mSQL (1.9ms)[0m   [0mCREATE INDEX "index_users_on_token" ON "users" ("token")[0m
  [4;36;1mSQL (0.2ms)[0m   [0;1m SELECT name
 FROM sqlite_master
 WHERE type = 'table' AND NOT name = 'sqlite_sequence'
[0m
  [4;35;1mSQL (1.9ms)[0m   [0mCREATE TABLE "schema_migrations" ("version" varchar(255) NOT NULL) [0m
  [4;36;1mSQL (2.0ms)[0m   [0;1mCREATE UNIQUE INDEX "unique_schema_migrations" ON "schema_migrations" ("version")[0m
  [4;35;1mSQL (0.2ms)[0m   [0m SELECT name
 FROM sqlite_master
 WHERE type = 'table' AND NOT name = 'sqlite_sequence'
[0m
  [4;36;1mSQL (0.1ms)[0m   [0;1mSELECT version FROM "schema_migrations"[0m
  [4;35;1mSQL (1.6ms)[0m   [0mINSERT INTO "schema_migrations" (version) VALUES ('20100224191039')[0m
  [4;36;1mSQL (0.5ms)[0m   [0;1m SELECT name
 FROM sqlite_master
 WHERE type = 'table' AND NOT name = 'sqlite_sequence'
[0m
  [4;35;1mSQL (0.1ms)[0m   [0mSELECT version FROM schema_migrations[0m
  [4;36;1mSQL (0.1ms)[0m   [0;1mselect sqlite_version(*)[0m
  [4;35;1mSQL (0.2ms)[0m   [0m SELECT name
 FROM sqlite_master
 WHERE type = 'table' AND NOT name = 'sqlite_sequence'
[0m
  [4;36;1mSQL (3.3ms)[0m   [0;1mCREATE TABLE "users" ("id" INTEGER PRIMARY KEY AUTOINCREMENT NOT NULL, "email" varchar(255), "encrypted_password" varchar(128), "salt" varchar(128), "token" varchar(128), "token_expires_at" datetime, "email_confirmed" boolean DEFAULT 'f' NOT NULL, "created_at" datetime, "updated_at" datetime) [0m
  [4;35;1mSQL (1.9ms)[0m   [0mCREATE INDEX "index_users_on_email" ON "users" ("email")[0m
  [4;36;1mSQL (2.4ms)[0m   [0;1mCREATE INDEX "index_users_on_id_and_token" ON "users" ("id", "token")[0m
  [4;35;1mSQL (1.9ms)[0m   [0mCREATE INDEX "index_users_on_token" ON "users" ("token")[0m
  [4;36;1mSQL (0.2ms)[0m   [0;1m SELECT name
 FROM sqlite_master
 WHERE type = 'table' AND NOT name = 'sqlite_sequence'
[0m
  [4;35;1mSQL (2.0ms)[0m   [0mCREATE TABLE "schema_migrations" ("version" varchar(255) NOT NULL) [0m
  [4;36;1mSQL (2.3ms)[0m   [0;1mCREATE UNIQUE INDEX "unique_schema_migrations" ON "schema_migrations" ("version")[0m
  [4;35;1mSQL (0.4ms)[0m   [0m SELECT name
 FROM sqlite_master
 WHERE type = 'table' AND NOT name = 'sqlite_sequence'
[0m
  [4;36;1mSQL (0.2ms)[0m   [0;1mSELECT version FROM "schema_migrations"[0m
  [4;35;1mSQL (2.0ms)[0m   [0mINSERT INTO "schema_migrations" (version) VALUES ('20100224191039')[0m
  [4;36;1mSQL (0.5ms)[0m   [0;1m SELECT name
 FROM sqlite_master
 WHERE type = 'table' AND NOT name = 'sqlite_sequence'
[0m
  [4;35;1mSQL (0.1ms)[0m   [0mSELECT version FROM schema_migrations[0m
  [4;36;1mSQL (0.1ms)[0m   [0;1mselect sqlite_version(*)[0m
  [4;35;1mSQL (0.3ms)[0m   [0m SELECT name
 FROM sqlite_master
 WHERE type = 'table' AND NOT name = 'sqlite_sequence'
[0m
  [4;36;1mSQL (2.3ms)[0m   [0;1mCREATE TABLE "users" ("id" INTEGER PRIMARY KEY AUTOINCREMENT NOT NULL, "email" varchar(255), "encrypted_password" varchar(128), "salt" varchar(128), "token" varchar(128), "token_expires_at" datetime, "email_confirmed" boolean DEFAULT 'f' NOT NULL, "created_at" datetime, "updated_at" datetime) [0m
  [4;35;1mSQL (2.2ms)[0m   [0mCREATE INDEX "index_users_on_email" ON "users" ("email")[0m
  [4;36;1mSQL (2.3ms)[0m   [0;1mCREATE INDEX "index_users_on_id_and_token" ON "users" ("id", "token")[0m
  [4;35;1mSQL (2.3ms)[0m   [0mCREATE INDEX "index_users_on_token" ON "users" ("token")[0m
  [4;36;1mSQL (0.2ms)[0m   [0;1m SELECT name
 FROM sqlite_master
 WHERE type = 'table' AND NOT name = 'sqlite_sequence'
[0m
  [4;35;1mSQL (1.5ms)[0m   [0mCREATE TABLE "schema_migrations" ("version" varchar(255) NOT NULL) [0m
  [4;36;1mSQL (2.5ms)[0m   [0;1mCREATE UNIQUE INDEX "unique_schema_migrations" ON "schema_migrations" ("version")[0m
  [4;35;1mSQL (0.4ms)[0m   [0m SELECT name
 FROM sqlite_master
 WHERE type = 'table' AND NOT name = 'sqlite_sequence'
[0m
  [4;36;1mSQL (0.2ms)[0m   [0;1mSELECT version FROM "schema_migrations"[0m
  [4;35;1mSQL (2.0ms)[0m   [0mINSERT INTO "schema_migrations" (version) VALUES ('20100224191039')[0m
  [4;36;1mSQL (0.5ms)[0m   [0;1m SELECT name
 FROM sqlite_master
 WHERE type = 'table' AND NOT name = 'sqlite_sequence'
[0m
  [4;35;1mSQL (0.1ms)[0m   [0mSELECT version FROM schema_migrations[0m
  [4;36;1mSQL (0.1ms)[0m   [0;1mselect sqlite_version(*)[0m
  [4;35;1mSQL (0.2ms)[0m   [0m SELECT name
 FROM sqlite_master
 WHERE type = 'table' AND NOT name = 'sqlite_sequence'
[0m
  [4;36;1mSQL (3.3ms)[0m   [0;1mCREATE TABLE "users" ("id" INTEGER PRIMARY KEY AUTOINCREMENT NOT NULL, "email" varchar(255), "encrypted_password" varchar(128), "salt" varchar(128), "token" varchar(128), "token_expires_at" datetime, "email_confirmed" boolean DEFAULT 'f' NOT NULL, "created_at" datetime, "updated_at" datetime) [0m
  [4;35;1mSQL (2.1ms)[0m   [0mCREATE INDEX "index_users_on_email" ON "users" ("email")[0m
  [4;36;1mSQL (2.4ms)[0m   [0;1mCREATE INDEX "index_users_on_id_and_token" ON "users" ("id", "token")[0m
  [4;35;1mSQL (2.2ms)[0m   [0mCREATE INDEX "index_users_on_token" ON "users" ("token")[0m
  [4;36;1mSQL (0.2ms)[0m   [0;1m SELECT name
 FROM sqlite_master
 WHERE type = 'table' AND NOT name = 'sqlite_sequence'
[0m
  [4;35;1mSQL (1.9ms)[0m   [0mCREATE TABLE "schema_migrations" ("version" varchar(255) NOT NULL) [0m
  [4;36;1mSQL (2.5ms)[0m   [0;1mCREATE UNIQUE INDEX "unique_schema_migrations" ON "schema_migrations" ("version")[0m
  [4;35;1mSQL (0.2ms)[0m   [0m SELECT name
 FROM sqlite_master
 WHERE type = 'table' AND NOT name = 'sqlite_sequence'
[0m
  [4;36;1mSQL (0.1ms)[0m   [0;1mSELECT version FROM "schema_migrations"[0m
  [4;35;1mSQL (1.6ms)[0m   [0mINSERT INTO "schema_migrations" (version) VALUES ('20100224191039')[0m
  [4;36;1mSQL (0.5ms)[0m   [0;1m SELECT name
 FROM sqlite_master
 WHERE type = 'table' AND NOT name = 'sqlite_sequence'
[0m
  [4;35;1mSQL (0.1ms)[0m   [0mSELECT version FROM schema_migrations[0m
  [4;36;1mSQL (0.1ms)[0m   [0;1mselect sqlite_version(*)[0m
  [4;35;1mSQL (0.2ms)[0m   [0m SELECT name
 FROM sqlite_master
 WHERE type = 'table' AND NOT name = 'sqlite_sequence'
[0m
  [4;36;1mSQL (3.5ms)[0m   [0;1mCREATE TABLE "users" ("id" INTEGER PRIMARY KEY AUTOINCREMENT NOT NULL, "email" varchar(255), "encrypted_password" varchar(128), "salt" varchar(128), "token" varchar(128), "token_expires_at" datetime, "email_confirmed" boolean DEFAULT 'f' NOT NULL, "created_at" datetime, "updated_at" datetime) [0m
  [4;35;1mSQL (1.9ms)[0m   [0mCREATE INDEX "index_users_on_email" ON "users" ("email")[0m
  [4;36;1mSQL (2.1ms)[0m   [0;1mCREATE INDEX "index_users_on_id_and_token" ON "users" ("id", "token")[0m
  [4;35;1mSQL (2.3ms)[0m   [0mCREATE INDEX "index_users_on_token" ON "users" ("token")[0m
  [4;36;1mSQL (0.4ms)[0m   [0;1m SELECT name
 FROM sqlite_master
 WHERE type = 'table' AND NOT name = 'sqlite_sequence'
[0m
  [4;35;1mSQL (2.2ms)[0m   [0mCREATE TABLE "schema_migrations" ("version" varchar(255) NOT NULL) [0m
  [4;36;1mSQL (2.2ms)[0m   [0;1mCREATE UNIQUE INDEX "unique_schema_migrations" ON "schema_migrations" ("version")[0m
  [4;35;1mSQL (0.4ms)[0m   [0m SELECT name
 FROM sqlite_master
 WHERE type = 'table' AND NOT name = 'sqlite_sequence'
[0m
  [4;36;1mSQL (0.1ms)[0m   [0;1mSELECT version FROM "schema_migrations"[0m
  [4;35;1mSQL (1.7ms)[0m   [0mINSERT INTO "schema_migrations" (version) VALUES ('20100224191039')[0m
  [4;36;1mSQL (0.5ms)[0m   [0;1m SELECT name
 FROM sqlite_master
 WHERE type = 'table' AND NOT name = 'sqlite_sequence'
[0m
  [4;35;1mSQL (0.1ms)[0m   [0mSELECT version FROM schema_migrations[0m
  [4;36;1mSQL (0.1ms)[0m   [0;1mselect sqlite_version(*)[0m
  [4;35;1mSQL (0.2ms)[0m   [0m SELECT name
 FROM sqlite_master
 WHERE type = 'table' AND NOT name = 'sqlite_sequence'
[0m
  [4;36;1mSQL (2.1ms)[0m   [0;1mCREATE TABLE "users" ("id" INTEGER PRIMARY KEY AUTOINCREMENT NOT NULL, "email" varchar(255), "encrypted_password" varchar(128), "salt" varchar(128), "token" varchar(128), "token_expires_at" datetime, "email_confirmed" boolean DEFAULT 'f' NOT NULL, "created_at" datetime, "updated_at" datetime) [0m
  [4;35;1mSQL (2.0ms)[0m   [0mCREATE INDEX "index_users_on_email" ON "users" ("email")[0m
  [4;36;1mSQL (2.0ms)[0m   [0;1mCREATE INDEX "index_users_on_id_and_token" ON "users" ("id", "token")[0m
  [4;35;1mSQL (2.3ms)[0m   [0mCREATE INDEX "index_users_on_token" ON "users" ("token")[0m
  [4;36;1mSQL (0.4ms)[0m   [0;1m SELECT name
 FROM sqlite_master
 WHERE type = 'table' AND NOT name = 'sqlite_sequence'
[0m
  [4;35;1mSQL (2.3ms)[0m   [0mCREATE TABLE "schema_migrations" ("version" varchar(255) NOT NULL) [0m
  [4;36;1mSQL (2.3ms)[0m   [0;1mCREATE UNIQUE INDEX "unique_schema_migrations" ON "schema_migrations" ("version")[0m
  [4;35;1mSQL (0.2ms)[0m   [0m SELECT name
 FROM sqlite_master
 WHERE type = 'table' AND NOT name = 'sqlite_sequence'
[0m
  [4;36;1mSQL (0.1ms)[0m   [0;1mSELECT version FROM "schema_migrations"[0m
  [4;35;1mSQL (1.6ms)[0m   [0mINSERT INTO "schema_migrations" (version) VALUES ('20100224191039')[0m
  [4;36;1mSQL (0.5ms)[0m   [0;1m SELECT name
 FROM sqlite_master
 WHERE type = 'table' AND NOT name = 'sqlite_sequence'
[0m
  [4;35;1mSQL (0.1ms)[0m   [0mSELECT version FROM schema_migrations[0m
  [4;36;1mSQL (0.1ms)[0m   [0;1mselect sqlite_version(*)[0m
  [4;35;1mSQL (0.2ms)[0m   [0m SELECT name
 FROM sqlite_master
 WHERE type = 'table' AND NOT name = 'sqlite_sequence'
[0m
  [4;36;1mSQL (2.7ms)[0m   [0;1mCREATE TABLE "users" ("id" INTEGER PRIMARY KEY AUTOINCREMENT NOT NULL, "email" varchar(255), "encrypted_password" varchar(128), "salt" varchar(128), "token" varchar(128), "token_expires_at" datetime, "email_confirmed" boolean DEFAULT 'f' NOT NULL, "created_at" datetime, "updated_at" datetime) [0m
  [4;35;1mSQL (2.1ms)[0m   [0mCREATE INDEX "index_users_on_email" ON "users" ("email")[0m
  [4;36;1mSQL (2.1ms)[0m   [0;1mCREATE INDEX "index_users_on_id_and_token" ON "users" ("id", "token")[0m
  [4;35;1mSQL (2.2ms)[0m   [0mCREATE INDEX "index_users_on_token" ON "users" ("token")[0m
  [4;36;1mSQL (0.2ms)[0m   [0;1m SELECT name
 FROM sqlite_master
 WHERE type = 'table' AND NOT name = 'sqlite_sequence'
[0m
  [4;35;1mSQL (2.1ms)[0m   [0mCREATE TABLE "schema_migrations" ("version" varchar(255) NOT NULL) [0m
  [4;36;1mSQL (2.4ms)[0m   [0;1mCREATE UNIQUE INDEX "unique_schema_migrations" ON "schema_migrations" ("version")[0m
  [4;35;1mSQL (0.3ms)[0m   [0m SELECT name
 FROM sqlite_master
 WHERE type = 'table' AND NOT name = 'sqlite_sequence'
[0m
  [4;36;1mSQL (0.1ms)[0m   [0;1mSELECT version FROM "schema_migrations"[0m
  [4;35;1mSQL (1.5ms)[0m   [0mINSERT INTO "schema_migrations" (version) VALUES ('20100224191039')[0m
  [4;36;1mSQL (0.5ms)[0m   [0;1m SELECT name
 FROM sqlite_master
 WHERE type = 'table' AND NOT name = 'sqlite_sequence'
[0m
  [4;35;1mSQL (0.1ms)[0m   [0mSELECT version FROM schema_migrations[0m
  [4;36;1mSQL (0.1ms)[0m   [0;1mselect sqlite_version(*)[0m
  [4;35;1mSQL (0.2ms)[0m   [0m SELECT name
 FROM sqlite_master
 WHERE type = 'table' AND NOT name = 'sqlite_sequence'
[0m
  [4;36;1mSQL (3.4ms)[0m   [0;1mCREATE TABLE "users" ("id" INTEGER PRIMARY KEY AUTOINCREMENT NOT NULL, "email" varchar(255), "encrypted_password" varchar(128), "salt" varchar(128), "token" varchar(128), "token_expires_at" datetime, "email_confirmed" boolean DEFAULT 'f' NOT NULL, "created_at" datetime, "updated_at" datetime) [0m
  [4;35;1mSQL (2.2ms)[0m   [0mCREATE INDEX "index_users_on_email" ON "users" ("email")[0m
  [4;36;1mSQL (2.5ms)[0m   [0;1mCREATE INDEX "index_users_on_id_and_token" ON "users" ("id", "token")[0m
  [4;35;1mSQL (2.5ms)[0m   [0mCREATE INDEX "index_users_on_token" ON "users" ("token")[0m
  [4;36;1mSQL (0.2ms)[0m   [0;1m SELECT name
 FROM sqlite_master
 WHERE type = 'table' AND NOT name = 'sqlite_sequence'
[0m
  [4;35;1mSQL (2.1ms)[0m   [0mCREATE TABLE "schema_migrations" ("version" varchar(255) NOT NULL) [0m
  [4;36;1mSQL (2.7ms)[0m   [0;1mCREATE UNIQUE INDEX "unique_schema_migrations" ON "schema_migrations" ("version")[0m
  [4;35;1mSQL (0.2ms)[0m   [0m SELECT name
 FROM sqlite_master
 WHERE type = 'table' AND NOT name = 'sqlite_sequence'
[0m
  [4;36;1mSQL (0.1ms)[0m   [0;1mSELECT version FROM "schema_migrations"[0m
  [4;35;1mSQL (1.6ms)[0m   [0mINSERT INTO "schema_migrations" (version) VALUES ('20100224191039')[0m
  [4;36;1mSQL (0.5ms)[0m   [0;1m SELECT name
 FROM sqlite_master
 WHERE type = 'table' AND NOT name = 'sqlite_sequence'
[0m
  [4;35;1mSQL (0.1ms)[0m   [0mSELECT version FROM schema_migrations[0m
  [4;36;1mSQL (0.1ms)[0m   [0;1mselect sqlite_version(*)[0m
  [4;35;1mSQL (0.2ms)[0m   [0m SELECT name
 FROM sqlite_master
 WHERE type = 'table' AND NOT name = 'sqlite_sequence'
[0m
  [4;36;1mSQL (3.4ms)[0m   [0;1mCREATE TABLE "users" ("id" INTEGER PRIMARY KEY AUTOINCREMENT NOT NULL, "email" varchar(255), "encrypted_password" varchar(128), "salt" varchar(128), "token" varchar(128), "token_expires_at" datetime, "email_confirmed" boolean DEFAULT 'f' NOT NULL, "created_at" datetime, "updated_at" datetime) [0m
  [4;35;1mSQL (2.1ms)[0m   [0mCREATE INDEX "index_users_on_email" ON "users" ("email")[0m
  [4;36;1mSQL (2.1ms)[0m   [0;1mCREATE INDEX "index_users_on_id_and_token" ON "users" ("id", "token")[0m
  [4;35;1mSQL (2.0ms)[0m   [0mCREATE INDEX "index_users_on_token" ON "users" ("token")[0m
  [4;36;1mSQL (0.2ms)[0m   [0;1m SELECT name
 FROM sqlite_master
 WHERE type = 'table' AND NOT name = 'sqlite_sequence'
[0m
  [4;35;1mSQL (2.2ms)[0m   [0mCREATE TABLE "schema_migrations" ("version" varchar(255) NOT NULL) [0m
  [4;36;1mSQL (2.9ms)[0m   [0;1mCREATE UNIQUE INDEX "unique_schema_migrations" ON "schema_migrations" ("version")[0m
  [4;35;1mSQL (0.2ms)[0m   [0m SELECT name
 FROM sqlite_master
 WHERE type = 'table' AND NOT name = 'sqlite_sequence'
[0m
  [4;36;1mSQL (0.1ms)[0m   [0;1mSELECT version FROM "schema_migrations"[0m
  [4;35;1mSQL (1.7ms)[0m   [0mINSERT INTO "schema_migrations" (version) VALUES ('20100224191039')[0m
  [4;36;1mSQL (0.2ms)[0m   [0;1m SELECT name
 FROM sqlite_master
 WHERE type = 'table' AND NOT name = 'sqlite_sequence'
[0m
  [4;35;1mSQL (0.1ms)[0m   [0mselect sqlite_version(*)[0m
  [4;36;1mSQL (3.4ms)[0m   [0;1mCREATE TABLE "schema_migrations" ("version" varchar(255) NOT NULL) [0m
  [4;35;1mSQL (2.0ms)[0m   [0mCREATE UNIQUE INDEX "unique_schema_migrations" ON "schema_migrations" ("version")[0m
  [4;36;1mSQL (0.2ms)[0m   [0;1m SELECT name
 FROM sqlite_master
 WHERE type = 'table' AND NOT name = 'sqlite_sequence'
[0m
  [4;35;1mSQL (0.1ms)[0m   [0mSELECT version FROM schema_migrations[0m
Migrating to ClearanceCreateUsers (20100224191039)
  [4;36;1mSQL (0.5ms)[0m   [0;1mCREATE TABLE "users" ("id" INTEGER PRIMARY KEY AUTOINCREMENT NOT NULL, "email" varchar(255), "encrypted_password" varchar(128), "salt" varchar(128), "confirmation_token" varchar(128), "token_expires_at" datetime, "email_confirmed" boolean DEFAULT 'f' NOT NULL, "created_at" datetime, "updated_at" datetime) [0m
  [4;35;1mSQL (0.0ms)[0m   [0mSQLite3::SQLException: table users has no column named token: CREATE INDEX "index_users_on_id_and_token" ON "users" ("id", "token")[0m
  [4;36;1mSQL (0.3ms)[0m   [0;1m SELECT name
 FROM sqlite_master
 WHERE type = 'table' AND NOT name = 'sqlite_sequence'
[0m
  [4;35;1mSQL (0.1ms)[0m   [0mselect sqlite_version(*)[0m
  [4;36;1mSQL (3.3ms)[0m   [0;1mCREATE TABLE "schema_migrations" ("version" varchar(255) NOT NULL) [0m
  [4;35;1mSQL (2.3ms)[0m   [0mCREATE UNIQUE INDEX "unique_schema_migrations" ON "schema_migrations" ("version")[0m
  [4;36;1mSQL (0.3ms)[0m   [0;1m SELECT name
 FROM sqlite_master
 WHERE type = 'table' AND NOT name = 'sqlite_sequence'
[0m
  [4;35;1mSQL (0.2ms)[0m   [0mSELECT version FROM schema_migrations[0m
Migrating to ClearanceCreateUsers (20100224191039)
  [4;36;1mSQL (0.5ms)[0m   [0;1mCREATE TABLE "users" ("id" INTEGER PRIMARY KEY AUTOINCREMENT NOT NULL, "email" varchar(255), "encrypted_password" varchar(128), "salt" varchar(128), "confirmation_token" varchar(128), "token_expires_at" datetime, "email_confirmed" boolean DEFAULT 'f' NOT NULL, "created_at" datetime, "updated_at" datetime) [0m
  [4;35;1mSQL (0.1ms)[0m   [0mCREATE INDEX "index_users_on_id_and_confirmation_token" ON "users" ("id", "confirmation_token")[0m
  [4;36;1mSQL (0.1ms)[0m   [0;1mCREATE INDEX "index_users_on_email" ON "users" ("email")[0m
  [4;35;1mSQL (0.0ms)[0m   [0mSQLite3::SQLException: table users has no column named token: CREATE INDEX "index_users_on_token" ON "users" ("token")[0m
  [4;36;1mSQL (0.2ms)[0m   [0;1m SELECT name
 FROM sqlite_master
 WHERE type = 'table' AND NOT name = 'sqlite_sequence'
[0m
  [4;35;1mSQL (0.1ms)[0m   [0mselect sqlite_version(*)[0m
  [4;36;1mSQL (3.4ms)[0m   [0;1mCREATE TABLE "schema_migrations" ("version" varchar(255) NOT NULL) [0m
  [4;35;1mSQL (1.5ms)[0m   [0mCREATE UNIQUE INDEX "unique_schema_migrations" ON "schema_migrations" ("version")[0m
  [4;36;1mSQL (0.1ms)[0m   [0;1m SELECT name
 FROM sqlite_master
 WHERE type = 'table' AND NOT name = 'sqlite_sequence'
[0m
  [4;35;1mSQL (0.1ms)[0m   [0mSELECT version FROM schema_migrations[0m
Migrating to ClearanceCreateUsers (20100224191039)
  [4;36;1mSQL (0.5ms)[0m   [0;1mCREATE TABLE "users" ("id" INTEGER PRIMARY KEY AUTOINCREMENT NOT NULL, "email" varchar(255), "encrypted_password" varchar(128), "salt" varchar(128), "confirmation_token" varchar(128), "token_expires_at" datetime, "email_confirmed" boolean DEFAULT 'f' NOT NULL, "created_at" datetime, "updated_at" datetime) [0m
  [4;35;1mSQL (0.1ms)[0m   [0mCREATE INDEX "index_users_on_id_and_confirmation_token" ON "users" ("id", "confirmation_token")[0m
  [4;36;1mSQL (0.1ms)[0m   [0;1mCREATE INDEX "index_users_on_email" ON "users" ("email")[0m
  [4;35;1mSQL (0.1ms)[0m   [0mCREATE INDEX "index_users_on_confirmation_token" ON "users" ("confirmation_token")[0m
  [4;36;1mSQL (0.1ms)[0m   [0;1mINSERT INTO schema_migrations (version) VALUES ('20100224191039')[0m
  [4;35;1mSQL (0.2ms)[0m   [0m SELECT name
 FROM sqlite_master
 WHERE type = 'table' AND NOT name = 'sqlite_sequence'
[0m
  [4;36;1mSQL (0.1ms)[0m   [0;1mSELECT version FROM schema_migrations[0m
  [4;35;1mSQL (0.1ms)[0m   [0m SELECT name
 FROM sqlite_master
 WHERE type = 'table' AND NOT name = 'sqlite_sequence'
[0m
  [4;36;1mSQL (0.2ms)[0m   [0;1mPRAGMA index_list("users")[0m
  [4;35;1mSQL (0.1ms)[0m   [0mPRAGMA index_info('index_users_on_confirmation_token')[0m
  [4;36;1mSQL (0.1ms)[0m   [0;1mPRAGMA index_info('index_users_on_email')[0m
  [4;35;1mSQL (0.1ms)[0m   [0mPRAGMA index_info('index_users_on_id_and_confirmation_token')[0m
  [4;36;1mSQL (0.5ms)[0m   [0;1m SELECT name
 FROM sqlite_master
 WHERE type = 'table' AND NOT name = 'sqlite_sequence'
[0m
  [4;35;1mSQL (0.1ms)[0m   [0mSELECT version FROM schema_migrations[0m
  [4;36;1mSQL (0.1ms)[0m   [0;1mselect sqlite_version(*)[0m
  [4;35;1mSQL (0.2ms)[0m   [0m SELECT name
 FROM sqlite_master
 WHERE type = 'table' AND NOT name = 'sqlite_sequence'
[0m
  [4;36;1mSQL (3.5ms)[0m   [0;1mCREATE TABLE "users" ("id" INTEGER PRIMARY KEY AUTOINCREMENT NOT NULL, "email" varchar(255), "encrypted_password" varchar(128), "salt" varchar(128), "confirmation_token" varchar(128), "token_expires_at" datetime, "email_confirmed" boolean DEFAULT 'f' NOT NULL, "created_at" datetime, "updated_at" datetime) [0m
  [4;35;1mSQL (2.2ms)[0m   [0mCREATE INDEX "index_users_on_confirmation_token" ON "users" ("confirmation_token")[0m
  [4;36;1mSQL (2.6ms)[0m   [0;1mCREATE INDEX "index_users_on_email" ON "users" ("email")[0m
  [4;35;1mSQL (2.4ms)[0m   [0mCREATE INDEX "index_users_on_id_and_confirmation_token" ON "users" ("id", "confirmation_token")[0m
  [4;36;1mSQL (0.2ms)[0m   [0;1m SELECT name
 FROM sqlite_master
 WHERE type = 'table' AND NOT name = 'sqlite_sequence'
[0m
  [4;35;1mSQL (2.4ms)[0m   [0mCREATE TABLE "schema_migrations" ("version" varchar(255) NOT NULL) [0m
  [4;36;1mSQL (2.3ms)[0m   [0;1mCREATE UNIQUE INDEX "unique_schema_migrations" ON "schema_migrations" ("version")[0m
  [4;35;1mSQL (0.3ms)[0m   [0m SELECT name
 FROM sqlite_master
 WHERE type = 'table' AND NOT name = 'sqlite_sequence'
[0m
  [4;36;1mSQL (0.1ms)[0m   [0;1mSELECT version FROM "schema_migrations"[0m
  [4;35;1mSQL (1.8ms)[0m   [0mINSERT INTO "schema_migrations" (version) VALUES ('20100224191039')[0m
  [4;36;1mSQL (0.5ms)[0m   [0;1m SELECT name
 FROM sqlite_master
 WHERE type = 'table' AND NOT name = 'sqlite_sequence'
[0m
  [4;35;1mSQL (0.1ms)[0m   [0mSELECT version FROM schema_migrations[0m
  [4;36;1mSQL (0.1ms)[0m   [0;1mselect sqlite_version(*)[0m
  [4;35;1mSQL (0.2ms)[0m   [0m SELECT name
 FROM sqlite_master
 WHERE type = 'table' AND NOT name = 'sqlite_sequence'
[0m
  [4;36;1mSQL (3.6ms)[0m   [0;1mCREATE TABLE "users" ("id" INTEGER PRIMARY KEY AUTOINCREMENT NOT NULL, "email" varchar(255), "encrypted_password" varchar(128), "salt" varchar(128), "confirmation_token" varchar(128), "token_expires_at" datetime, "email_confirmed" boolean DEFAULT 'f' NOT NULL, "created_at" datetime, "updated_at" datetime) [0m
  [4;35;1mSQL (2.0ms)[0m   [0mCREATE INDEX "index_users_on_confirmation_token" ON "users" ("confirmation_token")[0m
  [4;36;1mSQL (2.4ms)[0m   [0;1mCREATE INDEX "index_users_on_email" ON "users" ("email")[0m
  [4;35;1mSQL (2.2ms)[0m   [0mCREATE INDEX "index_users_on_id_and_confirmation_token" ON "users" ("id", "confirmation_token")[0m
  [4;36;1mSQL (0.2ms)[0m   [0;1m SELECT name
 FROM sqlite_master
 WHERE type = 'table' AND NOT name = 'sqlite_sequence'
[0m
  [4;35;1mSQL (1.9ms)[0m   [0mCREATE TABLE "schema_migrations" ("version" varchar(255) NOT NULL) [0m
  [4;36;1mSQL (2.2ms)[0m   [0;1mCREATE UNIQUE INDEX "unique_schema_migrations" ON "schema_migrations" ("version")[0m
  [4;35;1mSQL (0.3ms)[0m   [0m SELECT name
 FROM sqlite_master
 WHERE type = 'table' AND NOT name = 'sqlite_sequence'
[0m
  [4;36;1mSQL (0.1ms)[0m   [0;1mSELECT version FROM "schema_migrations"[0m
  [4;35;1mSQL (1.7ms)[0m   [0mINSERT INTO "schema_migrations" (version) VALUES ('20100224191039')[0m
  [4;36;1mSQL (0.5ms)[0m   [0;1m SELECT name
 FROM sqlite_master
 WHERE type = 'table' AND NOT name = 'sqlite_sequence'
[0m
  [4;35;1mSQL (0.1ms)[0m   [0mSELECT version FROM schema_migrations[0m
  [4;36;1mSQL (0.1ms)[0m   [0;1mselect sqlite_version(*)[0m
  [4;35;1mSQL (0.2ms)[0m   [0m SELECT name
 FROM sqlite_master
 WHERE type = 'table' AND NOT name = 'sqlite_sequence'
[0m
  [4;36;1mSQL (3.7ms)[0m   [0;1mCREATE TABLE "users" ("id" INTEGER PRIMARY KEY AUTOINCREMENT NOT NULL, "email" varchar(255), "encrypted_password" varchar(128), "salt" varchar(128), "confirmation_token" varchar(128), "token_expires_at" datetime, "email_confirmed" boolean DEFAULT 'f' NOT NULL, "created_at" datetime, "updated_at" datetime) [0m
  [4;35;1mSQL (2.1ms)[0m   [0mCREATE INDEX "index_users_on_confirmation_token" ON "users" ("confirmation_token")[0m
  [4;36;1mSQL (2.2ms)[0m   [0;1mCREATE INDEX "index_users_on_email" ON "users" ("email")[0m
  [4;35;1mSQL (2.4ms)[0m   [0mCREATE INDEX "index_users_on_id_and_confirmation_token" ON "users" ("id", "confirmation_token")[0m
  [4;36;1mSQL (0.2ms)[0m   [0;1m SELECT name
 FROM sqlite_master
 WHERE type = 'table' AND NOT name = 'sqlite_sequence'
[0m
  [4;35;1mSQL (2.2ms)[0m   [0mCREATE TABLE "schema_migrations" ("version" varchar(255) NOT NULL) [0m
  [4;36;1mSQL (2.4ms)[0m   [0;1mCREATE UNIQUE INDEX "unique_schema_migrations" ON "schema_migrations" ("version")[0m
  [4;35;1mSQL (0.3ms)[0m   [0m SELECT name
 FROM sqlite_master
 WHERE type = 'table' AND NOT name = 'sqlite_sequence'
[0m
  [4;36;1mSQL (0.1ms)[0m   [0;1mSELECT version FROM "schema_migrations"[0m
  [4;35;1mSQL (1.8ms)[0m   [0mINSERT INTO "schema_migrations" (version) VALUES ('20100224191039')[0m
  [4;36;1mSQL (0.5ms)[0m   [0;1m SELECT name
 FROM sqlite_master
 WHERE type = 'table' AND NOT name = 'sqlite_sequence'
[0m
  [4;35;1mSQL (0.1ms)[0m   [0mSELECT version FROM schema_migrations[0m
  [4;36;1mSQL (0.1ms)[0m   [0;1mselect sqlite_version(*)[0m
  [4;35;1mSQL (0.2ms)[0m   [0m SELECT name
 FROM sqlite_master
 WHERE type = 'table' AND NOT name = 'sqlite_sequence'
[0m
  [4;36;1mSQL (4.4ms)[0m   [0;1mCREATE TABLE "users" ("id" INTEGER PRIMARY KEY AUTOINCREMENT NOT NULL, "email" varchar(255), "encrypted_password" varchar(128), "salt" varchar(128), "confirmation_token" varchar(128), "token_expires_at" datetime, "email_confirmed" boolean DEFAULT 'f' NOT NULL, "created_at" datetime, "updated_at" datetime) [0m
  [4;35;1mSQL (2.2ms)[0m   [0mCREATE INDEX "index_users_on_confirmation_token" ON "users" ("confirmation_token")[0m
  [4;36;1mSQL (2.6ms)[0m   [0;1mCREATE INDEX "index_users_on_email" ON "users" ("email")[0m
  [4;35;1mSQL (2.3ms)[0m   [0mCREATE INDEX "index_users_on_id_and_confirmation_token" ON "users" ("id", "confirmation_token")[0m
  [4;36;1mSQL (0.4ms)[0m   [0;1m SELECT name
 FROM sqlite_master
 WHERE type = 'table' AND NOT name = 'sqlite_sequence'
[0m
  [4;35;1mSQL (2.1ms)[0m   [0mCREATE TABLE "schema_migrations" ("version" varchar(255) NOT NULL) [0m
  [4;36;1mSQL (2.2ms)[0m   [0;1mCREATE UNIQUE INDEX "unique_schema_migrations" ON "schema_migrations" ("version")[0m
  [4;35;1mSQL (0.2ms)[0m   [0m SELECT name
 FROM sqlite_master
 WHERE type = 'table' AND NOT name = 'sqlite_sequence'
[0m
  [4;36;1mSQL (0.1ms)[0m   [0;1mSELECT version FROM "schema_migrations"[0m
  [4;35;1mSQL (1.7ms)[0m   [0mINSERT INTO "schema_migrations" (version) VALUES ('20100224191039')[0m
  [4;36;1mSQL (0.5ms)[0m   [0;1m SELECT name
 FROM sqlite_master
 WHERE type = 'table' AND NOT name = 'sqlite_sequence'
[0m
  [4;35;1mSQL (0.2ms)[0m   [0m SELECT name
 FROM sqlite_master
 WHERE type = 'table' AND NOT name = 'sqlite_sequence'
[0m
  [4;36;1mSQL (0.3ms)[0m   [0;1mPRAGMA index_list("users")[0m
  [4;35;1mSQL (0.2ms)[0m   [0mPRAGMA index_info('index_users_on_confirmation_token')[0m
  [4;36;1mSQL (0.1ms)[0m   [0;1mPRAGMA index_info('index_users_on_email')[0m
  [4;35;1mSQL (0.2ms)[0m   [0mPRAGMA index_info('index_users_on_id_and_confirmation_token')[0m
  [4;36;1mSQL (0.5ms)[0m   [0;1m SELECT name
 FROM sqlite_master
 WHERE type = 'table' AND NOT name = 'sqlite_sequence'
[0m
  [4;35;1mSQL (0.1ms)[0m   [0mSELECT version FROM schema_migrations[0m
  [4;36;1mSQL (0.5ms)[0m   [0;1m SELECT name
 FROM sqlite_master
 WHERE type = 'table' AND NOT name = 'sqlite_sequence'
[0m
  [4;35;1mSQL (0.1ms)[0m   [0m SELECT name
 FROM sqlite_master
 WHERE type = 'table' AND NOT name = 'sqlite_sequence'
[0m
  [4;36;1mSQL (0.2ms)[0m   [0;1mPRAGMA index_list("users")[0m
  [4;35;1mSQL (0.1ms)[0m   [0mPRAGMA index_info('index_users_on_confirmation_token')[0m
  [4;36;1mSQL (0.1ms)[0m   [0;1mPRAGMA index_info('index_users_on_email')[0m
  [4;35;1mSQL (0.1ms)[0m   [0mPRAGMA index_info('index_users_on_id_and_confirmation_token')[0m
  [4;36;1mSQL (0.2ms)[0m   [0;1m SELECT name
 FROM sqlite_master
 WHERE type = 'table' AND NOT name = 'sqlite_sequence'
[0m
  [4;35;1mSQL (0.1ms)[0m   [0m SELECT name
 FROM sqlite_master
 WHERE type = 'table' AND NOT name = 'sqlite_sequence'
[0m
  [4;36;1mSQL (0.2ms)[0m   [0;1m SELECT name
 FROM sqlite_master
 WHERE type = 'table' AND NOT name = 'sqlite_sequence'
[0m
  [4;35;1mSQL (0.1ms)[0m   [0mselect sqlite_version(*)[0m
  [4;36;1mSQL (3.3ms)[0m   [0;1mCREATE TABLE "schema_migrations" ("version" varchar(255) NOT NULL) [0m
  [4;35;1mSQL (2.0ms)[0m   [0mCREATE UNIQUE INDEX "unique_schema_migrations" ON "schema_migrations" ("version")[0m
  [4;36;1mSQL (0.2ms)[0m   [0;1m SELECT name
 FROM sqlite_master
 WHERE type = 'table' AND NOT name = 'sqlite_sequence'
[0m
  [4;35;1mSQL (0.1ms)[0m   [0mSELECT version FROM schema_migrations[0m
Migrating to ClearanceCreateUsers (20100224193132)
  [4;36;1mSQL (0.5ms)[0m   [0;1mCREATE TABLE "users" ("id" INTEGER PRIMARY KEY AUTOINCREMENT NOT NULL, "email" varchar(255), "encrypted_password" varchar(128), "salt" varchar(128), "confirmation_token" varchar(128), "remember_token" varchar(128), "email_confirmed" boolean DEFAULT 'f' NOT NULL, "created_at" datetime, "updated_at" datetime) [0m
  [4;35;1mSQL (0.1ms)[0m   [0mCREATE INDEX "index_users_on_id_and_confirmation_token" ON "users" ("id", "confirmation_token")[0m
  [4;36;1mSQL (0.1ms)[0m   [0;1mCREATE INDEX "index_users_on_email" ON "users" ("email")[0m
  [4;35;1mSQL (0.1ms)[0m   [0mCREATE INDEX "index_users_on_remember_token" ON "users" ("remember_token")[0m
  [4;36;1mSQL (0.1ms)[0m   [0;1mINSERT INTO schema_migrations (version) VALUES ('20100224193132')[0m
  [4;35;1mSQL (0.2ms)[0m   [0m SELECT name
 FROM sqlite_master
 WHERE type = 'table' AND NOT name = 'sqlite_sequence'
[0m
  [4;36;1mSQL (0.1ms)[0m   [0;1mSELECT version FROM schema_migrations[0m
  [4;35;1mSQL (0.1ms)[0m   [0m SELECT name
 FROM sqlite_master
 WHERE type = 'table' AND NOT name = 'sqlite_sequence'
[0m
  [4;36;1mSQL (0.1ms)[0m   [0;1mPRAGMA index_list("users")[0m
  [4;35;1mSQL (0.1ms)[0m   [0mPRAGMA index_info('index_users_on_remember_token')[0m
  [4;36;1mSQL (0.1ms)[0m   [0;1mPRAGMA index_info('index_users_on_email')[0m
  [4;35;1mSQL (0.1ms)[0m   [0mPRAGMA index_info('index_users_on_id_and_confirmation_token')[0m
  [4;36;1mSQL (0.5ms)[0m   [0;1m SELECT name
 FROM sqlite_master
 WHERE type = 'table' AND NOT name = 'sqlite_sequence'
[0m
  [4;35;1mSQL (0.1ms)[0m   [0mSELECT version FROM schema_migrations[0m
  [4;36;1mSQL (0.1ms)[0m   [0;1mselect sqlite_version(*)[0m
  [4;35;1mSQL (0.2ms)[0m   [0m SELECT name
 FROM sqlite_master
 WHERE type = 'table' AND NOT name = 'sqlite_sequence'
[0m
  [4;36;1mSQL (3.7ms)[0m   [0;1mCREATE TABLE "users" ("id" INTEGER PRIMARY KEY AUTOINCREMENT NOT NULL, "email" varchar(255), "encrypted_password" varchar(128), "salt" varchar(128), "confirmation_token" varchar(128), "remember_token" varchar(128), "email_confirmed" boolean DEFAULT 'f' NOT NULL, "created_at" datetime, "updated_at" datetime) [0m
  [4;35;1mSQL (1.9ms)[0m   [0mCREATE INDEX "index_users_on_email" ON "users" ("email")[0m
  [4;36;1mSQL (2.1ms)[0m   [0;1mCREATE INDEX "index_users_on_id_and_confirmation_token" ON "users" ("id", "confirmation_token")[0m
  [4;35;1mSQL (1.9ms)[0m   [0mCREATE INDEX "index_users_on_remember_token" ON "users" ("remember_token")[0m
  [4;36;1mSQL (0.2ms)[0m   [0;1m SELECT name
 FROM sqlite_master
 WHERE type = 'table' AND NOT name = 'sqlite_sequence'
[0m
  [4;35;1mSQL (2.2ms)[0m   [0mCREATE TABLE "schema_migrations" ("version" varchar(255) NOT NULL) [0m
  [4;36;1mSQL (2.9ms)[0m   [0;1mCREATE UNIQUE INDEX "unique_schema_migrations" ON "schema_migrations" ("version")[0m
  [4;35;1mSQL (0.3ms)[0m   [0m SELECT name
 FROM sqlite_master
 WHERE type = 'table' AND NOT name = 'sqlite_sequence'
[0m
  [4;36;1mSQL (0.1ms)[0m   [0;1mSELECT version FROM "schema_migrations"[0m
  [4;35;1mSQL (2.2ms)[0m   [0mINSERT INTO "schema_migrations" (version) VALUES ('20100224193132')[0m
  [4;36;1mSQL (0.5ms)[0m   [0;1m SELECT name
 FROM sqlite_master
 WHERE type = 'table' AND NOT name = 'sqlite_sequence'
[0m
  [4;35;1mSQL (0.1ms)[0m   [0mSELECT version FROM schema_migrations[0m
  [4;36;1mSQL (0.1ms)[0m   [0;1mselect sqlite_version(*)[0m
  [4;35;1mSQL (0.2ms)[0m   [0m SELECT name
 FROM sqlite_master
 WHERE type = 'table' AND NOT name = 'sqlite_sequence'
[0m
  [4;36;1mSQL (3.5ms)[0m   [0;1mCREATE TABLE "users" ("id" INTEGER PRIMARY KEY AUTOINCREMENT NOT NULL, "email" varchar(255), "encrypted_password" varchar(128), "salt" varchar(128), "confirmation_token" varchar(128), "remember_token" varchar(128), "email_confirmed" boolean DEFAULT 'f' NOT NULL, "created_at" datetime, "updated_at" datetime) [0m
  [4;35;1mSQL (1.9ms)[0m   [0mCREATE INDEX "index_users_on_email" ON "users" ("email")[0m
  [4;36;1mSQL (2.3ms)[0m   [0;1mCREATE INDEX "index_users_on_id_and_confirmation_token" ON "users" ("id", "confirmation_token")[0m
  [4;35;1mSQL (2.3ms)[0m   [0mCREATE INDEX "index_users_on_remember_token" ON "users" ("remember_token")[0m
  [4;36;1mSQL (0.2ms)[0m   [0;1m SELECT name
 FROM sqlite_master
 WHERE type = 'table' AND NOT name = 'sqlite_sequence'
[0m
  [4;35;1mSQL (1.8ms)[0m   [0mCREATE TABLE "schema_migrations" ("version" varchar(255) NOT NULL) [0m
  [4;36;1mSQL (2.2ms)[0m   [0;1mCREATE UNIQUE INDEX "unique_schema_migrations" ON "schema_migrations" ("version")[0m
  [4;35;1mSQL (0.3ms)[0m   [0m SELECT name
 FROM sqlite_master
 WHERE type = 'table' AND NOT name = 'sqlite_sequence'
[0m
  [4;36;1mSQL (0.2ms)[0m   [0;1mSELECT version FROM "schema_migrations"[0m
  [4;35;1mSQL (1.9ms)[0m   [0mINSERT INTO "schema_migrations" (version) VALUES ('20100224193132')[0m
  [4;36;1mSQL (0.5ms)[0m   [0;1m SELECT name
 FROM sqlite_master
 WHERE type = 'table' AND NOT name = 'sqlite_sequence'
[0m
  [4;35;1mSQL (0.1ms)[0m   [0mSELECT version FROM schema_migrations[0m
  [4;36;1mSQL (0.1ms)[0m   [0;1mselect sqlite_version(*)[0m
  [4;35;1mSQL (0.2ms)[0m   [0m SELECT name
 FROM sqlite_master
 WHERE type = 'table' AND NOT name = 'sqlite_sequence'
[0m
  [4;36;1mSQL (3.4ms)[0m   [0;1mCREATE TABLE "users" ("id" INTEGER PRIMARY KEY AUTOINCREMENT NOT NULL, "email" varchar(255), "encrypted_password" varchar(128), "salt" varchar(128), "confirmation_token" varchar(128), "remember_token" varchar(128), "email_confirmed" boolean DEFAULT 'f' NOT NULL, "created_at" datetime, "updated_at" datetime) [0m
  [4;35;1mSQL (1.9ms)[0m   [0mCREATE INDEX "index_users_on_email" ON "users" ("email")[0m
  [4;36;1mSQL (2.5ms)[0m   [0;1mCREATE INDEX "index_users_on_id_and_confirmation_token" ON "users" ("id", "confirmation_token")[0m
  [4;35;1mSQL (2.5ms)[0m   [0mCREATE INDEX "index_users_on_remember_token" ON "users" ("remember_token")[0m
  [4;36;1mSQL (0.2ms)[0m   [0;1m SELECT name
 FROM sqlite_master
 WHERE type = 'table' AND NOT name = 'sqlite_sequence'
[0m
  [4;35;1mSQL (2.4ms)[0m   [0mCREATE TABLE "schema_migrations" ("version" varchar(255) NOT NULL) [0m
  [4;36;1mSQL (2.6ms)[0m   [0;1mCREATE UNIQUE INDEX "unique_schema_migrations" ON "schema_migrations" ("version")[0m
  [4;35;1mSQL (0.2ms)[0m   [0m SELECT name
 FROM sqlite_master
 WHERE type = 'table' AND NOT name = 'sqlite_sequence'
[0m
  [4;36;1mSQL (0.1ms)[0m   [0;1mSELECT version FROM "schema_migrations"[0m
  [4;35;1mSQL (1.9ms)[0m   [0mINSERT INTO "schema_migrations" (version) VALUES ('20100224193132')[0m
  [4;36;1mSQL (0.5ms)[0m   [0;1m SELECT name
 FROM sqlite_master
 WHERE type = 'table' AND NOT name = 'sqlite_sequence'
[0m
  [4;35;1mSQL (0.1ms)[0m   [0m SELECT name
 FROM sqlite_master
 WHERE type = 'table' AND NOT name = 'sqlite_sequence'
[0m
  [4;36;1mSQL (0.1ms)[0m   [0;1mPRAGMA index_list("users")[0m
  [4;35;1mSQL (0.1ms)[0m   [0mPRAGMA index_info('index_users_on_remember_token')[0m
  [4;36;1mSQL (0.1ms)[0m   [0;1mPRAGMA index_info('index_users_on_email')[0m
  [4;35;1mSQL (0.1ms)[0m   [0mPRAGMA index_info('index_users_on_id_and_confirmation_token')[0m
  [4;36;1mSQL (0.5ms)[0m   [0;1m SELECT name
 FROM sqlite_master
 WHERE type = 'table' AND NOT name = 'sqlite_sequence'
[0m
  [4;35;1mSQL (0.1ms)[0m   [0m SELECT name
 FROM sqlite_master
 WHERE type = 'table' AND NOT name = 'sqlite_sequence'
[0m
  [4;36;1mSQL (0.2ms)[0m   [0;1m SELECT name
 FROM sqlite_master
 WHERE type = 'table' AND NOT name = 'sqlite_sequence'
[0m
  [4;35;1mSQL (0.2ms)[0m   [0mPRAGMA index_list("users")[0m
  [4;36;1mSQL (0.1ms)[0m   [0;1mPRAGMA index_info('index_users_on_remember_token')[0m
  [4;35;1mSQL (0.1ms)[0m   [0mPRAGMA index_info('index_users_on_email')[0m
  [4;36;1mSQL (0.1ms)[0m   [0;1mPRAGMA index_info('index_users_on_id_and_confirmation_token')[0m
  [4;36;1mSQL (0.2ms)[0m   [0;1m SELECT name
 FROM sqlite_master
 WHERE type = 'table' AND NOT name = 'sqlite_sequence'
[0m
  [4;35;1mSQL (0.1ms)[0m   [0m SELECT name
 FROM sqlite_master
 WHERE type = 'table' AND NOT name = 'sqlite_sequence'
[0m
  [4;36;1mSQL (0.3ms)[0m   [0;1m SELECT name
 FROM sqlite_master
 WHERE type = 'table' AND NOT name = 'sqlite_sequence'
[0m
  [4;35;1mSQL (0.2ms)[0m   [0mselect sqlite_version(*)[0m
  [4;36;1mSQL (3.5ms)[0m   [0;1mCREATE TABLE "schema_migrations" ("version" varchar(255) NOT NULL) [0m
  [4;35;1mSQL (2.1ms)[0m   [0mCREATE UNIQUE INDEX "unique_schema_migrations" ON "schema_migrations" ("version")[0m
  [4;36;1mSQL (0.3ms)[0m   [0;1m SELECT name
 FROM sqlite_master
 WHERE type = 'table' AND NOT name = 'sqlite_sequence'
[0m
  [4;35;1mSQL (0.1ms)[0m   [0mSELECT version FROM schema_migrations[0m
  [4;36;1mSQL (0.4ms)[0m   [0;1m SELECT name
 FROM sqlite_master
 WHERE type = 'table' AND NOT name = 'sqlite_sequence'
[0m
  [4;35;1mSQL (0.1ms)[0m   [0mSELECT version FROM schema_migrations[0m
Migrating to ClearanceCreateUsers (20100224202042)
  [4;36;1mSQL (0.1ms)[0m   [0;1mselect sqlite_version(*)[0m
  [4;35;1mSQL (0.6ms)[0m   [0mCREATE TABLE "users" ("id" INTEGER PRIMARY KEY AUTOINCREMENT NOT NULL, "email" varchar(255), "encrypted_password" varchar(128), "salt" varchar(128), "confirmation_token" varchar(128), "remember_token" varchar(128), "email_confirmed" boolean DEFAULT 'f' NOT NULL, "created_at" datetime, "updated_at" datetime) [0m
  [4;36;1mSQL (0.2ms)[0m   [0;1mCREATE INDEX "index_users_on_id_and_confirmation_token" ON "users" ("id", "confirmation_token")[0m
  [4;35;1mSQL (0.1ms)[0m   [0mCREATE INDEX "index_users_on_email" ON "users" ("email")[0m
  [4;36;1mSQL (0.1ms)[0m   [0;1mCREATE INDEX "index_users_on_remember_token" ON "users" ("remember_token")[0m
  [4;35;1mSQL (0.1ms)[0m   [0mINSERT INTO schema_migrations (version) VALUES ('20100224202042')[0m
  [4;36;1mSQL (0.3ms)[0m   [0;1m SELECT name
 FROM sqlite_master
 WHERE type = 'table' AND NOT name = 'sqlite_sequence'
[0m
  [4;35;1mSQL (0.1ms)[0m   [0mSELECT version FROM schema_migrations[0m
  [4;36;1mSQL (0.2ms)[0m   [0;1m SELECT name
 FROM sqlite_master
 WHERE type = 'table' AND NOT name = 'sqlite_sequence'
[0m
  [4;35;1mSQL (0.2ms)[0m   [0mPRAGMA index_list("users")[0m
  [4;36;1mSQL (0.1ms)[0m   [0;1mPRAGMA index_info('index_users_on_remember_token')[0m
  [4;35;1mSQL (0.1ms)[0m   [0mPRAGMA index_info('index_users_on_email')[0m
  [4;36;1mSQL (0.1ms)[0m   [0;1mPRAGMA index_info('index_users_on_id_and_confirmation_token')[0m
  [4;36;1mSQL (0.6ms)[0m   [0;1m SELECT name
 FROM sqlite_master
 WHERE type = 'table' AND NOT name = 'sqlite_sequence'
[0m
  [4;35;1mSQL (0.1ms)[0m   [0mSELECT version FROM schema_migrations[0m
  [4;36;1mSQL (0.1ms)[0m   [0;1mselect sqlite_version(*)[0m
  [4;35;1mSQL (0.2ms)[0m   [0m SELECT name
 FROM sqlite_master
 WHERE type = 'table' AND NOT name = 'sqlite_sequence'
[0m
  [4;36;1mSQL (3.4ms)[0m   [0;1mCREATE TABLE "users" ("id" INTEGER PRIMARY KEY AUTOINCREMENT NOT NULL, "email" varchar(255), "encrypted_password" varchar(128), "salt" varchar(128), "confirmation_token" varchar(128), "remember_token" varchar(128), "email_confirmed" boolean DEFAULT 'f' NOT NULL, "created_at" datetime, "updated_at" datetime) [0m
  [4;35;1mSQL (2.0ms)[0m   [0mCREATE INDEX "index_users_on_email" ON "users" ("email")[0m
  [4;36;1mSQL (3.0ms)[0m   [0;1mCREATE INDEX "index_users_on_id_and_confirmation_token" ON "users" ("id", "confirmation_token")[0m
  [4;35;1mSQL (2.3ms)[0m   [0mCREATE INDEX "index_users_on_remember_token" ON "users" ("remember_token")[0m
  [4;36;1mSQL (0.3ms)[0m   [0;1m SELECT name
 FROM sqlite_master
 WHERE type = 'table' AND NOT name = 'sqlite_sequence'
[0m
  [4;35;1mSQL (2.2ms)[0m   [0mCREATE TABLE "schema_migrations" ("version" varchar(255) NOT NULL) [0m
  [4;36;1mSQL (2.9ms)[0m   [0;1mCREATE UNIQUE INDEX "unique_schema_migrations" ON "schema_migrations" ("version")[0m
  [4;35;1mSQL (0.3ms)[0m   [0m SELECT name
 FROM sqlite_master
 WHERE type = 'table' AND NOT name = 'sqlite_sequence'
[0m
  [4;36;1mSQL (0.1ms)[0m   [0;1mSELECT version FROM "schema_migrations"[0m
  [4;35;1mSQL (2.2ms)[0m   [0mINSERT INTO "schema_migrations" (version) VALUES ('20100224202042')[0m
  [4;36;1mSQL (0.6ms)[0m   [0;1m SELECT name
 FROM sqlite_master
 WHERE type = 'table' AND NOT name = 'sqlite_sequence'
[0m
  [4;35;1mSQL (0.1ms)[0m   [0mSELECT version FROM schema_migrations[0m
  [4;36;1mSQL (0.6ms)[0m   [0;1mselect sqlite_version(*)[0m
  [4;35;1mSQL (0.2ms)[0m   [0m SELECT name
 FROM sqlite_master
 WHERE type = 'table' AND NOT name = 'sqlite_sequence'
[0m
  [4;36;1mSQL (4.3ms)[0m   [0;1mCREATE TABLE "users" ("id" INTEGER PRIMARY KEY AUTOINCREMENT NOT NULL, "email" varchar(255), "encrypted_password" varchar(128), "salt" varchar(128), "confirmation_token" varchar(128), "remember_token" varchar(128), "email_confirmed" boolean DEFAULT 'f' NOT NULL, "created_at" datetime, "updated_at" datetime) [0m
  [4;35;1mSQL (2.0ms)[0m   [0mCREATE INDEX "index_users_on_email" ON "users" ("email")[0m
  [4;36;1mSQL (2.5ms)[0m   [0;1mCREATE INDEX "index_users_on_id_and_confirmation_token" ON "users" ("id", "confirmation_token")[0m
  [4;35;1mSQL (2.2ms)[0m   [0mCREATE INDEX "index_users_on_remember_token" ON "users" ("remember_token")[0m
  [4;36;1mSQL (0.2ms)[0m   [0;1m SELECT name
 FROM sqlite_master
 WHERE type = 'table' AND NOT name = 'sqlite_sequence'
[0m
  [4;35;1mSQL (2.3ms)[0m   [0mCREATE TABLE "schema_migrations" ("version" varchar(255) NOT NULL) [0m
  [4;36;1mSQL (2.3ms)[0m   [0;1mCREATE UNIQUE INDEX "unique_schema_migrations" ON "schema_migrations" ("version")[0m
  [4;35;1mSQL (0.2ms)[0m   [0m SELECT name
 FROM sqlite_master
 WHERE type = 'table' AND NOT name = 'sqlite_sequence'
[0m
  [4;36;1mSQL (0.1ms)[0m   [0;1mSELECT version FROM "schema_migrations"[0m
  [4;35;1mSQL (1.5ms)[0m   [0mINSERT INTO "schema_migrations" (version) VALUES ('20100224202042')[0m
  [4;36;1mSQL (0.6ms)[0m   [0;1m SELECT name
 FROM sqlite_master
 WHERE type = 'table' AND NOT name = 'sqlite_sequence'
[0m
  [4;35;1mSQL (0.1ms)[0m   [0mSELECT version FROM schema_migrations[0m
  [4;36;1mSQL (0.1ms)[0m   [0;1mselect sqlite_version(*)[0m
  [4;35;1mSQL (0.2ms)[0m   [0m SELECT name
 FROM sqlite_master
 WHERE type = 'table' AND NOT name = 'sqlite_sequence'
[0m
  [4;36;1mSQL (2.1ms)[0m   [0;1mCREATE TABLE "users" ("id" INTEGER PRIMARY KEY AUTOINCREMENT NOT NULL, "email" varchar(255), "encrypted_password" varchar(128), "salt" varchar(128), "confirmation_token" varchar(128), "remember_token" varchar(128), "email_confirmed" boolean DEFAULT 'f' NOT NULL, "created_at" datetime, "updated_at" datetime) [0m
  [4;35;1mSQL (1.8ms)[0m   [0mCREATE INDEX "index_users_on_email" ON "users" ("email")[0m
  [4;36;1mSQL (1.8ms)[0m   [0;1mCREATE INDEX "index_users_on_id_and_confirmation_token" ON "users" ("id", "confirmation_token")[0m
  [4;35;1mSQL (1.9ms)[0m   [0mCREATE INDEX "index_users_on_remember_token" ON "users" ("remember_token")[0m
  [4;36;1mSQL (0.2ms)[0m   [0;1m SELECT name
 FROM sqlite_master
 WHERE type = 'table' AND NOT name = 'sqlite_sequence'
[0m
  [4;35;1mSQL (1.7ms)[0m   [0mCREATE TABLE "schema_migrations" ("version" varchar(255) NOT NULL) [0m
  [4;36;1mSQL (1.7ms)[0m   [0;1mCREATE UNIQUE INDEX "unique_schema_migrations" ON "schema_migrations" ("version")[0m
  [4;35;1mSQL (0.2ms)[0m   [0m SELECT name
 FROM sqlite_master
 WHERE type = 'table' AND NOT name = 'sqlite_sequence'
[0m
  [4;36;1mSQL (0.1ms)[0m   [0;1mSELECT version FROM "schema_migrations"[0m
  [4;35;1mSQL (1.6ms)[0m   [0mINSERT INTO "schema_migrations" (version) VALUES ('20100224202042')[0m
  [4;36;1mSQL (0.6ms)[0m   [0;1m SELECT name
 FROM sqlite_master
 WHERE type = 'table' AND NOT name = 'sqlite_sequence'
[0m
  [4;35;1mSQL (0.1ms)[0m   [0mSELECT version FROM schema_migrations[0m
  [4;36;1mSQL (0.1ms)[0m   [0;1mselect sqlite_version(*)[0m
  [4;35;1mSQL (0.2ms)[0m   [0m SELECT name
 FROM sqlite_master
 WHERE type = 'table' AND NOT name = 'sqlite_sequence'
[0m
  [4;36;1mSQL (2.1ms)[0m   [0;1mCREATE TABLE "users" ("id" INTEGER PRIMARY KEY AUTOINCREMENT NOT NULL, "email" varchar(255), "encrypted_password" varchar(128), "salt" varchar(128), "confirmation_token" varchar(128), "remember_token" varchar(128), "email_confirmed" boolean DEFAULT 'f' NOT NULL, "created_at" datetime, "updated_at" datetime) [0m
  [4;35;1mSQL (1.8ms)[0m   [0mCREATE INDEX "index_users_on_email" ON "users" ("email")[0m
  [4;36;1mSQL (1.8ms)[0m   [0;1mCREATE INDEX "index_users_on_id_and_confirmation_token" ON "users" ("id", "confirmation_token")[0m
  [4;35;1mSQL (1.8ms)[0m   [0mCREATE INDEX "index_users_on_remember_token" ON "users" ("remember_token")[0m
  [4;36;1mSQL (0.2ms)[0m   [0;1m SELECT name
 FROM sqlite_master
 WHERE type = 'table' AND NOT name = 'sqlite_sequence'
[0m
  [4;35;1mSQL (1.9ms)[0m   [0mCREATE TABLE "schema_migrations" ("version" varchar(255) NOT NULL) [0m
  [4;36;1mSQL (1.8ms)[0m   [0;1mCREATE UNIQUE INDEX "unique_schema_migrations" ON "schema_migrations" ("version")[0m
  [4;35;1mSQL (0.2ms)[0m   [0m SELECT name
 FROM sqlite_master
 WHERE type = 'table' AND NOT name = 'sqlite_sequence'
[0m
  [4;36;1mSQL (0.1ms)[0m   [0;1mSELECT version FROM "schema_migrations"[0m
  [4;35;1mSQL (1.6ms)[0m   [0mINSERT INTO "schema_migrations" (version) VALUES ('20100224202042')[0m
  [4;36;1mSQL (0.7ms)[0m   [0;1m SELECT name
 FROM sqlite_master
 WHERE type = 'table' AND NOT name = 'sqlite_sequence'
[0m
  [4;35;1mSQL (0.2ms)[0m   [0mSELECT version FROM schema_migrations[0m
  [4;36;1mSQL (0.1ms)[0m   [0;1mselect sqlite_version(*)[0m
  [4;35;1mSQL (0.2ms)[0m   [0m SELECT name
 FROM sqlite_master
 WHERE type = 'table' AND NOT name = 'sqlite_sequence'
[0m
  [4;36;1mSQL (3.9ms)[0m   [0;1mCREATE TABLE "users" ("id" INTEGER PRIMARY KEY AUTOINCREMENT NOT NULL, "email" varchar(255), "encrypted_password" varchar(128), "salt" varchar(128), "confirmation_token" varchar(128), "remember_token" varchar(128), "email_confirmed" boolean DEFAULT 'f' NOT NULL, "created_at" datetime, "updated_at" datetime) [0m
  [4;35;1mSQL (2.0ms)[0m   [0mCREATE INDEX "index_users_on_email" ON "users" ("email")[0m
  [4;36;1mSQL (2.2ms)[0m   [0;1mCREATE INDEX "index_users_on_id_and_confirmation_token" ON "users" ("id", "confirmation_token")[0m
  [4;35;1mSQL (2.2ms)[0m   [0mCREATE INDEX "index_users_on_remember_token" ON "users" ("remember_token")[0m
  [4;36;1mSQL (0.2ms)[0m   [0;1m SELECT name
 FROM sqlite_master
 WHERE type = 'table' AND NOT name = 'sqlite_sequence'
[0m
  [4;35;1mSQL (2.2ms)[0m   [0mCREATE TABLE "schema_migrations" ("version" varchar(255) NOT NULL) [0m
  [4;36;1mSQL (2.1ms)[0m   [0;1mCREATE UNIQUE INDEX "unique_schema_migrations" ON "schema_migrations" ("version")[0m
  [4;35;1mSQL (0.3ms)[0m   [0m SELECT name
 FROM sqlite_master
 WHERE type = 'table' AND NOT name = 'sqlite_sequence'
[0m
  [4;36;1mSQL (0.1ms)[0m   [0;1mSELECT version FROM "schema_migrations"[0m
  [4;35;1mSQL (1.7ms)[0m   [0mINSERT INTO "schema_migrations" (version) VALUES ('20100224202042')[0m
  [4;36;1mSQL (0.5ms)[0m   [0;1m SELECT name
 FROM sqlite_master
 WHERE type = 'table' AND NOT name = 'sqlite_sequence'
[0m
  [4;35;1mSQL (0.1ms)[0m   [0mSELECT version FROM schema_migrations[0m
  [4;36;1mSQL (0.1ms)[0m   [0;1mselect sqlite_version(*)[0m
  [4;35;1mSQL (0.2ms)[0m   [0m SELECT name
 FROM sqlite_master
 WHERE type = 'table' AND NOT name = 'sqlite_sequence'
[0m
  [4;36;1mSQL (2.3ms)[0m   [0;1mCREATE TABLE "users" ("id" INTEGER PRIMARY KEY AUTOINCREMENT NOT NULL, "email" varchar(255), "encrypted_password" varchar(128), "salt" varchar(128), "confirmation_token" varchar(128), "remember_token" varchar(128), "email_confirmed" boolean DEFAULT 'f' NOT NULL, "created_at" datetime, "updated_at" datetime) [0m
  [4;35;1mSQL (1.9ms)[0m   [0mCREATE INDEX "index_users_on_email" ON "users" ("email")[0m
  [4;36;1mSQL (1.9ms)[0m   [0;1mCREATE INDEX "index_users_on_id_and_confirmation_token" ON "users" ("id", "confirmation_token")[0m
  [4;35;1mSQL (2.1ms)[0m   [0mCREATE INDEX "index_users_on_remember_token" ON "users" ("remember_token")[0m
  [4;36;1mSQL (0.3ms)[0m   [0;1m SELECT name
 FROM sqlite_master
 WHERE type = 'table' AND NOT name = 'sqlite_sequence'
[0m
  [4;35;1mSQL (2.3ms)[0m   [0mCREATE TABLE "schema_migrations" ("version" varchar(255) NOT NULL) [0m
  [4;36;1mSQL (2.5ms)[0m   [0;1mCREATE UNIQUE INDEX "unique_schema_migrations" ON "schema_migrations" ("version")[0m
  [4;35;1mSQL (0.4ms)[0m   [0m SELECT name
 FROM sqlite_master
 WHERE type = 'table' AND NOT name = 'sqlite_sequence'
[0m
  [4;36;1mSQL (0.2ms)[0m   [0;1mSELECT version FROM "schema_migrations"[0m
  [4;35;1mSQL (1.7ms)[0m   [0mINSERT INTO "schema_migrations" (version) VALUES ('20100224202042')[0m
  [4;36;1mSQL (0.5ms)[0m   [0;1m SELECT name
 FROM sqlite_master
 WHERE type = 'table' AND NOT name = 'sqlite_sequence'
[0m
  [4;35;1mSQL (0.1ms)[0m   [0mSELECT version FROM schema_migrations[0m
  [4;36;1mSQL (0.1ms)[0m   [0;1mselect sqlite_version(*)[0m
  [4;35;1mSQL (0.2ms)[0m   [0m SELECT name
 FROM sqlite_master
 WHERE type = 'table' AND NOT name = 'sqlite_sequence'
[0m
  [4;36;1mSQL (3.4ms)[0m   [0;1mCREATE TABLE "users" ("id" INTEGER PRIMARY KEY AUTOINCREMENT NOT NULL, "email" varchar(255), "encrypted_password" varchar(128), "salt" varchar(128), "confirmation_token" varchar(128), "remember_token" varchar(128), "email_confirmed" boolean DEFAULT 'f' NOT NULL, "created_at" datetime, "updated_at" datetime) [0m
  [4;35;1mSQL (1.9ms)[0m   [0mCREATE INDEX "index_users_on_email" ON "users" ("email")[0m
  [4;36;1mSQL (2.0ms)[0m   [0;1mCREATE INDEX "index_users_on_id_and_confirmation_token" ON "users" ("id", "confirmation_token")[0m
  [4;35;1mSQL (2.2ms)[0m   [0mCREATE INDEX "index_users_on_remember_token" ON "users" ("remember_token")[0m
  [4;36;1mSQL (0.3ms)[0m   [0;1m SELECT name
 FROM sqlite_master
 WHERE type = 'table' AND NOT name = 'sqlite_sequence'
[0m
  [4;35;1mSQL (2.0ms)[0m   [0mCREATE TABLE "schema_migrations" ("version" varchar(255) NOT NULL) [0m
  [4;36;1mSQL (2.2ms)[0m   [0;1mCREATE UNIQUE INDEX "unique_schema_migrations" ON "schema_migrations" ("version")[0m
  [4;35;1mSQL (0.2ms)[0m   [0m SELECT name
 FROM sqlite_master
 WHERE type = 'table' AND NOT name = 'sqlite_sequence'
[0m
  [4;36;1mSQL (0.1ms)[0m   [0;1mSELECT version FROM "schema_migrations"[0m
  [4;35;1mSQL (1.7ms)[0m   [0mINSERT INTO "schema_migrations" (version) VALUES ('20100224202042')[0m
  [4;36;1mSQL (0.5ms)[0m   [0;1m SELECT name
 FROM sqlite_master
 WHERE type = 'table' AND NOT name = 'sqlite_sequence'
[0m
  [4;35;1mSQL (0.1ms)[0m   [0mSELECT version FROM schema_migrations[0m
  [4;36;1mSQL (0.1ms)[0m   [0;1mselect sqlite_version(*)[0m
  [4;35;1mSQL (0.2ms)[0m   [0m SELECT name
 FROM sqlite_master
 WHERE type = 'table' AND NOT name = 'sqlite_sequence'
[0m
  [4;36;1mSQL (3.4ms)[0m   [0;1mCREATE TABLE "users" ("id" INTEGER PRIMARY KEY AUTOINCREMENT NOT NULL, "email" varchar(255), "encrypted_password" varchar(128), "salt" varchar(128), "confirmation_token" varchar(128), "remember_token" varchar(128), "email_confirmed" boolean DEFAULT 'f' NOT NULL, "created_at" datetime, "updated_at" datetime) [0m
  [4;35;1mSQL (1.9ms)[0m   [0mCREATE INDEX "index_users_on_email" ON "users" ("email")[0m
  [4;36;1mSQL (2.1ms)[0m   [0;1mCREATE INDEX "index_users_on_id_and_confirmation_token" ON "users" ("id", "confirmation_token")[0m
  [4;35;1mSQL (2.3ms)[0m   [0mCREATE INDEX "index_users_on_remember_token" ON "users" ("remember_token")[0m
  [4;36;1mSQL (0.2ms)[0m   [0;1m SELECT name
 FROM sqlite_master
 WHERE type = 'table' AND NOT name = 'sqlite_sequence'
[0m
  [4;35;1mSQL (2.2ms)[0m   [0mCREATE TABLE "schema_migrations" ("version" varchar(255) NOT NULL) [0m
  [4;36;1mSQL (2.0ms)[0m   [0;1mCREATE UNIQUE INDEX "unique_schema_migrations" ON "schema_migrations" ("version")[0m
  [4;35;1mSQL (0.2ms)[0m   [0m SELECT name
 FROM sqlite_master
 WHERE type = 'table' AND NOT name = 'sqlite_sequence'
[0m
  [4;36;1mSQL (0.1ms)[0m   [0;1mSELECT version FROM "schema_migrations"[0m
  [4;35;1mSQL (2.3ms)[0m   [0mINSERT INTO "schema_migrations" (version) VALUES ('20100224202042')[0m
  [4;36;1mSQL (0.5ms)[0m   [0;1m SELECT name
 FROM sqlite_master
 WHERE type = 'table' AND NOT name = 'sqlite_sequence'
[0m
  [4;35;1mSQL (0.1ms)[0m   [0mSELECT version FROM schema_migrations[0m
  [4;36;1mSQL (0.1ms)[0m   [0;1mselect sqlite_version(*)[0m
  [4;35;1mSQL (0.2ms)[0m   [0m SELECT name
 FROM sqlite_master
 WHERE type = 'table' AND NOT name = 'sqlite_sequence'
[0m
  [4;36;1mSQL (3.6ms)[0m   [0;1mCREATE TABLE "users" ("id" INTEGER PRIMARY KEY AUTOINCREMENT NOT NULL, "email" varchar(255), "encrypted_password" varchar(128), "salt" varchar(128), "confirmation_token" varchar(128), "remember_token" varchar(128), "email_confirmed" boolean DEFAULT 'f' NOT NULL, "created_at" datetime, "updated_at" datetime) [0m
  [4;35;1mSQL (1.9ms)[0m   [0mCREATE INDEX "index_users_on_email" ON "users" ("email")[0m
  [4;36;1mSQL (2.3ms)[0m   [0;1mCREATE INDEX "index_users_on_id_and_confirmation_token" ON "users" ("id", "confirmation_token")[0m
  [4;35;1mSQL (2.1ms)[0m   [0mCREATE INDEX "index_users_on_remember_token" ON "users" ("remember_token")[0m
  [4;36;1mSQL (0.2ms)[0m   [0;1m SELECT name
 FROM sqlite_master
 WHERE type = 'table' AND NOT name = 'sqlite_sequence'
[0m
  [4;35;1mSQL (2.3ms)[0m   [0mCREATE TABLE "schema_migrations" ("version" varchar(255) NOT NULL) [0m
  [4;36;1mSQL (2.4ms)[0m   [0;1mCREATE UNIQUE INDEX "unique_schema_migrations" ON "schema_migrations" ("version")[0m
  [4;35;1mSQL (0.4ms)[0m   [0m SELECT name
 FROM sqlite_master
 WHERE type = 'table' AND NOT name = 'sqlite_sequence'
[0m
  [4;36;1mSQL (0.1ms)[0m   [0;1mSELECT version FROM "schema_migrations"[0m
  [4;35;1mSQL (1.7ms)[0m   [0mINSERT INTO "schema_migrations" (version) VALUES ('20100224202042')[0m


Processing HomeController#index (for 127.0.0.1 at 2010-02-24 20:31:26) [GET]

ActionController::UnknownAction (No action responded to index. Actions: ):
  vendor/gems/ruby/1.8/gems/actionpack-2.3.5/lib/action_controller/filters.rb:617:in `call_filters'
  vendor/gems/ruby/1.8/gems/actionpack-2.3.5/lib/action_controller/filters.rb:610:in `perform_action_without_benchmark'
  vendor/gems/ruby/1.8/gems/actionpack-2.3.5/lib/action_controller/benchmarking.rb:68:in `perform_action_without_rescue'
  vendor/gems/ruby/1.8/gems/actionpack-2.3.5/lib/action_controller/benchmarking.rb:68:in `perform_action_without_rescue'
  vendor/gems/ruby/1.8/gems/actionpack-2.3.5/lib/action_controller/rescue.rb:160:in `perform_action_without_flash'
  vendor/gems/ruby/1.8/gems/actionpack-2.3.5/lib/action_controller/flash.rb:146:in `perform_action'
  vendor/gems/ruby/1.8/gems/actionpack-2.3.5/lib/action_controller/base.rb:532:in `send'
  vendor/gems/ruby/1.8/gems/actionpack-2.3.5/lib/action_controller/base.rb:532:in `process_without_filters'
  vendor/gems/ruby/1.8/gems/actionpack-2.3.5/lib/action_controller/filters.rb:606:in `process'
  vendor/gems/ruby/1.8/gems/actionpack-2.3.5/lib/action_controller/base.rb:391:in `process'
  vendor/gems/ruby/1.8/gems/actionpack-2.3.5/lib/action_controller/base.rb:386:in `call'
  vendor/gems/ruby/1.8/gems/actionpack-2.3.5/lib/action_controller/routing/route_set.rb:437:in `call'
  vendor/gems/ruby/1.8/gems/actionpack-2.3.5/lib/action_controller/dispatcher.rb:87:in `dispatch'
  vendor/gems/ruby/1.8/gems/actionpack-2.3.5/lib/action_controller/dispatcher.rb:121:in `_call'
  vendor/gems/ruby/1.8/gems/actionpack-2.3.5/lib/action_controller/dispatcher.rb:130:in `build_middleware_stack'
  vendor/gems/ruby/1.8/gems/activerecord-2.3.5/lib/active_record/query_cache.rb:29:in `call'
  vendor/gems/ruby/1.8/gems/activerecord-2.3.5/lib/active_record/query_cache.rb:29:in `call'
  vendor/gems/ruby/1.8/gems/activerecord-2.3.5/lib/active_record/connection_adapters/abstract/query_cache.rb:34:in `cache'
  vendor/gems/ruby/1.8/gems/activerecord-2.3.5/lib/active_record/query_cache.rb:9:in `cache'
  vendor/gems/ruby/1.8/gems/activerecord-2.3.5/lib/active_record/query_cache.rb:28:in `call'
  vendor/gems/ruby/1.8/gems/activerecord-2.3.5/lib/active_record/connection_adapters/abstract/connection_pool.rb:361:in `call'
  vendor/gems/ruby/1.8/gems/actionpack-2.3.5/lib/action_controller/string_coercion.rb:25:in `call'
  vendor/gems/ruby/1.8/gems/actionpack-2.3.5/lib/action_controller/params_parser.rb:15:in `call'
  vendor/gems/ruby/1.8/gems/actionpack-2.3.5/lib/action_controller/session/cookie_store.rb:93:in `call'
  vendor/gems/ruby/1.8/gems/actionpack-2.3.5/lib/action_controller/failsafe.rb:26:in `call'
  vendor/gems/ruby/1.8/gems/actionpack-2.3.5/lib/action_controller/dispatcher.rb:114:in `call'
  vendor/gems/ruby/1.8/gems/actionpack-2.3.5/lib/action_controller/reloader.rb:34:in `run'
  vendor/gems/ruby/1.8/gems/actionpack-2.3.5/lib/action_controller/dispatcher.rb:108:in `call'
  vendor/gems/ruby/1.8/gems/rails-2.3.5/lib/rails/rack/static.rb:31:in `call'
  vendor/gems/ruby/1.8/gems/rails-2.3.5/lib/rails/rack/log_tailer.rb:17:in `call'
  /usr/local/lib/ruby/1.8/webrick/httpserver.rb:104:in `service'
  /usr/local/lib/ruby/1.8/webrick/httpserver.rb:65:in `run'
  /usr/local/lib/ruby/1.8/webrick/server.rb:173:in `start_thread'
  /usr/local/lib/ruby/1.8/webrick/server.rb:162:in `start'
  /usr/local/lib/ruby/1.8/webrick/server.rb:162:in `start_thread'
  /usr/local/lib/ruby/1.8/webrick/server.rb:95:in `start'
  /usr/local/lib/ruby/1.8/webrick/server.rb:92:in `each'
  /usr/local/lib/ruby/1.8/webrick/server.rb:92:in `start'
  /usr/local/lib/ruby/1.8/webrick/server.rb:23:in `start'
  /usr/local/lib/ruby/1.8/webrick/server.rb:82:in `start'
  vendor/gems/ruby/1.8/gems/rails-2.3.5/lib/commands/server.rb:111

Rendering rescues/layout (not_found)


Processing HomeController#index (for 127.0.0.1 at 2010-02-24 20:31:39) [GET]

ActionController::UnknownAction (No action responded to index. Actions: ):
  vendor/gems/ruby/1.8/gems/actionpack-2.3.5/lib/action_controller/filters.rb:617:in `call_filters'
  vendor/gems/ruby/1.8/gems/actionpack-2.3.5/lib/action_controller/filters.rb:610:in `perform_action_without_benchmark'
  vendor/gems/ruby/1.8/gems/actionpack-2.3.5/lib/action_controller/benchmarking.rb:68:in `perform_action_without_rescue'
  vendor/gems/ruby/1.8/gems/actionpack-2.3.5/lib/action_controller/benchmarking.rb:68:in `perform_action_without_rescue'
  vendor/gems/ruby/1.8/gems/actionpack-2.3.5/lib/action_controller/rescue.rb:160:in `perform_action_without_flash'
  vendor/gems/ruby/1.8/gems/actionpack-2.3.5/lib/action_controller/flash.rb:146:in `perform_action'
  vendor/gems/ruby/1.8/gems/actionpack-2.3.5/lib/action_controller/base.rb:532:in `send'
  vendor/gems/ruby/1.8/gems/actionpack-2.3.5/lib/action_controller/base.rb:532:in `process_without_filters'
  vendor/gems/ruby/1.8/gems/actionpack-2.3.5/lib/action_controller/filters.rb:606:in `process'
  vendor/gems/ruby/1.8/gems/actionpack-2.3.5/lib/action_controller/base.rb:391:in `process'
  vendor/gems/ruby/1.8/gems/actionpack-2.3.5/lib/action_controller/base.rb:386:in `call'
  vendor/gems/ruby/1.8/gems/actionpack-2.3.5/lib/action_controller/routing/route_set.rb:437:in `call'
  vendor/gems/ruby/1.8/gems/actionpack-2.3.5/lib/action_controller/dispatcher.rb:87:in `dispatch'
  vendor/gems/ruby/1.8/gems/actionpack-2.3.5/lib/action_controller/dispatcher.rb:121:in `_call'
  vendor/gems/ruby/1.8/gems/actionpack-2.3.5/lib/action_controller/dispatcher.rb:130:in `build_middleware_stack'
  vendor/gems/ruby/1.8/gems/activerecord-2.3.5/lib/active_record/query_cache.rb:29:in `call'
  vendor/gems/ruby/1.8/gems/activerecord-2.3.5/lib/active_record/query_cache.rb:29:in `call'
  vendor/gems/ruby/1.8/gems/activerecord-2.3.5/lib/active_record/connection_adapters/abstract/query_cache.rb:34:in `cache'
  vendor/gems/ruby/1.8/gems/activerecord-2.3.5/lib/active_record/query_cache.rb:9:in `cache'
  vendor/gems/ruby/1.8/gems/activerecord-2.3.5/lib/active_record/query_cache.rb:28:in `call'
  vendor/gems/ruby/1.8/gems/activerecord-2.3.5/lib/active_record/connection_adapters/abstract/connection_pool.rb:361:in `call'
  vendor/gems/ruby/1.8/gems/actionpack-2.3.5/lib/action_controller/string_coercion.rb:25:in `call'
  vendor/gems/ruby/1.8/gems/actionpack-2.3.5/lib/action_controller/params_parser.rb:15:in `call'
  vendor/gems/ruby/1.8/gems/actionpack-2.3.5/lib/action_controller/session/cookie_store.rb:93:in `call'
  vendor/gems/ruby/1.8/gems/actionpack-2.3.5/lib/action_controller/failsafe.rb:26:in `call'
  vendor/gems/ruby/1.8/gems/actionpack-2.3.5/lib/action_controller/dispatcher.rb:114:in `call'
  vendor/gems/ruby/1.8/gems/actionpack-2.3.5/lib/action_controller/reloader.rb:34:in `run'
  vendor/gems/ruby/1.8/gems/actionpack-2.3.5/lib/action_controller/dispatcher.rb:108:in `call'
  vendor/gems/ruby/1.8/gems/rails-2.3.5/lib/rails/rack/static.rb:31:in `call'
  vendor/gems/ruby/1.8/gems/rails-2.3.5/lib/rails/rack/log_tailer.rb:17:in `call'
  /usr/local/lib/ruby/1.8/webrick/httpserver.rb:104:in `service'
  /usr/local/lib/ruby/1.8/webrick/httpserver.rb:65:in `run'
  /usr/local/lib/ruby/1.8/webrick/server.rb:173:in `start_thread'
  /usr/local/lib/ruby/1.8/webrick/server.rb:162:in `start'
  /usr/local/lib/ruby/1.8/webrick/server.rb:162:in `start_thread'
  /usr/local/lib/ruby/1.8/webrick/server.rb:95:in `start'
  /usr/local/lib/ruby/1.8/webrick/server.rb:92:in `each'
  /usr/local/lib/ruby/1.8/webrick/server.rb:92:in `start'
  /usr/local/lib/ruby/1.8/webrick/server.rb:23:in `start'
  /usr/local/lib/ruby/1.8/webrick/server.rb:82:in `start'
  vendor/gems/ruby/1.8/gems/rails-2.3.5/lib/commands/server.rb:111

Rendering rescues/layout (not_found)


Processing HomeController#index (for 127.0.0.1 at 2010-02-24 20:31:55) [GET]

ActionView::MissingTemplate (Missing template home/index.erb in view path app/views:vendor/gems/ruby/1.8/gems/clearance-0.8.7/app/views):
  vendor/gems/ruby/1.8/gems/actionpack-2.3.5/lib/action_view/paths.rb:66:in `find_template'
  vendor/gems/ruby/1.8/gems/actionpack-2.3.5/lib/action_controller/base.rb:1389:in `default_template'
  vendor/gems/ruby/1.8/gems/actionpack-2.3.5/lib/action_controller/base.rb:905:in `render_without_benchmark'
  vendor/gems/ruby/1.8/gems/actionpack-2.3.5/lib/action_controller/benchmarking.rb:51:in `render'
  vendor/gems/ruby/1.8/gems/actionpack-2.3.5/lib/action_controller/benchmarking.rb:51:in `render'
  vendor/gems/ruby/1.8/gems/actionpack-2.3.5/lib/action_controller/base.rb:1326:in `default_render'
  vendor/gems/ruby/1.8/gems/actionpack-2.3.5/lib/action_controller/base.rb:1332:in `perform_action_without_filters'
  vendor/gems/ruby/1.8/gems/actionpack-2.3.5/lib/action_controller/filters.rb:617:in `call_filters'
  vendor/gems/ruby/1.8/gems/actionpack-2.3.5/lib/action_controller/filters.rb:610:in `perform_action_without_benchmark'
  vendor/gems/ruby/1.8/gems/actionpack-2.3.5/lib/action_controller/benchmarking.rb:68:in `perform_action_without_rescue'
  vendor/gems/ruby/1.8/gems/actionpack-2.3.5/lib/action_controller/benchmarking.rb:68:in `perform_action_without_rescue'
  vendor/gems/ruby/1.8/gems/actionpack-2.3.5/lib/action_controller/rescue.rb:160:in `perform_action_without_flash'
  vendor/gems/ruby/1.8/gems/actionpack-2.3.5/lib/action_controller/flash.rb:146:in `perform_action'
  vendor/gems/ruby/1.8/gems/actionpack-2.3.5/lib/action_controller/base.rb:532:in `send'
  vendor/gems/ruby/1.8/gems/actionpack-2.3.5/lib/action_controller/base.rb:532:in `process_without_filters'
  vendor/gems/ruby/1.8/gems/actionpack-2.3.5/lib/action_controller/filters.rb:606:in `process'
  vendor/gems/ruby/1.8/gems/actionpack-2.3.5/lib/action_controller/base.rb:391:in `process'
  vendor/gems/ruby/1.8/gems/actionpack-2.3.5/lib/action_controller/base.rb:386:in `call'
  vendor/gems/ruby/1.8/gems/actionpack-2.3.5/lib/action_controller/routing/route_set.rb:437:in `call'
  vendor/gems/ruby/1.8/gems/actionpack-2.3.5/lib/action_controller/dispatcher.rb:87:in `dispatch'
  vendor/gems/ruby/1.8/gems/actionpack-2.3.5/lib/action_controller/dispatcher.rb:121:in `_call'
  vendor/gems/ruby/1.8/gems/actionpack-2.3.5/lib/action_controller/dispatcher.rb:130:in `build_middleware_stack'
  vendor/gems/ruby/1.8/gems/activerecord-2.3.5/lib/active_record/query_cache.rb:29:in `call'
  vendor/gems/ruby/1.8/gems/activerecord-2.3.5/lib/active_record/query_cache.rb:29:in `call'
  vendor/gems/ruby/1.8/gems/activerecord-2.3.5/lib/active_record/connection_adapters/abstract/query_cache.rb:34:in `cache'
  vendor/gems/ruby/1.8/gems/activerecord-2.3.5/lib/active_record/query_cache.rb:9:in `cache'
  vendor/gems/ruby/1.8/gems/activerecord-2.3.5/lib/active_record/query_cache.rb:28:in `call'
  vendor/gems/ruby/1.8/gems/activerecord-2.3.5/lib/active_record/connection_adapters/abstract/connection_pool.rb:361:in `call'
  vendor/gems/ruby/1.8/gems/actionpack-2.3.5/lib/action_controller/string_coercion.rb:25:in `call'
  vendor/gems/ruby/1.8/gems/actionpack-2.3.5/lib/action_controller/params_parser.rb:15:in `call'
  vendor/gems/ruby/1.8/gems/actionpack-2.3.5/lib/action_controller/session/cookie_store.rb:93:in `call'
  vendor/gems/ruby/1.8/gems/actionpack-2.3.5/lib/action_controller/failsafe.rb:26:in `call'
  vendor/gems/ruby/1.8/gems/actionpack-2.3.5/lib/action_controller/dispatcher.rb:114:in `call'
  vendor/gems/ruby/1.8/gems/actionpack-2.3.5/lib/action_controller/reloader.rb:34:in `run'
  vendor/gems/ruby/1.8/gems/actionpack-2.3.5/lib/action_controller/dispatcher.rb:108:in `call'
  vendor/gems/ruby/1.8/gems/rails-2.3.5/lib/rails/rack/static.rb:31:in `call'
  vendor/gems/ruby/1.8/gems/rails-2.3.5/lib/rails/rack/log_tailer.rb:17:in `call'
  /usr/local/lib/ruby/1.8/webrick/httpserver.rb:104:in `service'
  /usr/local/lib/ruby/1.8/webrick/httpserver.rb:65:in `run'
  /usr/local/lib/ruby/1.8/webrick/server.rb:173:in `start_thread'
  /usr/local/lib/ruby/1.8/webrick/server.rb:162:in `start'
  /usr/local/lib/ruby/1.8/webrick/server.rb:162:in `start_thread'
  /usr/local/lib/ruby/1.8/webrick/server.rb:95:in `start'
  /usr/local/lib/ruby/1.8/webrick/server.rb:92:in `each'
  /usr/local/lib/ruby/1.8/webrick/server.rb:92:in `start'
  /usr/local/lib/ruby/1.8/webrick/server.rb:23:in `start'
  /usr/local/lib/ruby/1.8/webrick/server.rb:82:in `start'
  vendor/gems/ruby/1.8/gems/rails-2.3.5/lib/commands/server.rb:111

Rendering rescues/layout (internal_server_error)


Processing HomeController#index (for 127.0.0.1 at 2010-02-24 20:32:06) [GET]

ActionView::MissingTemplate (Missing template home/index.erb in view path app/views:vendor/gems/ruby/1.8/gems/clearance-0.8.7/app/views):
  vendor/gems/ruby/1.8/gems/actionpack-2.3.5/lib/action_view/paths.rb:66:in `find_template'
  vendor/gems/ruby/1.8/gems/actionpack-2.3.5/lib/action_controller/base.rb:1389:in `default_template'
  vendor/gems/ruby/1.8/gems/actionpack-2.3.5/lib/action_controller/base.rb:905:in `render_without_benchmark'
  vendor/gems/ruby/1.8/gems/actionpack-2.3.5/lib/action_controller/benchmarking.rb:51:in `render'
  vendor/gems/ruby/1.8/gems/actionpack-2.3.5/lib/action_controller/benchmarking.rb:51:in `render'
  vendor/gems/ruby/1.8/gems/actionpack-2.3.5/lib/action_controller/base.rb:1326:in `default_render'
  vendor/gems/ruby/1.8/gems/actionpack-2.3.5/lib/action_controller/base.rb:1332:in `perform_action_without_filters'
  vendor/gems/ruby/1.8/gems/actionpack-2.3.5/lib/action_controller/filters.rb:617:in `call_filters'
  vendor/gems/ruby/1.8/gems/actionpack-2.3.5/lib/action_controller/filters.rb:610:in `perform_action_without_benchmark'
  vendor/gems/ruby/1.8/gems/actionpack-2.3.5/lib/action_controller/benchmarking.rb:68:in `perform_action_without_rescue'
  vendor/gems/ruby/1.8/gems/actionpack-2.3.5/lib/action_controller/benchmarking.rb:68:in `perform_action_without_rescue'
  vendor/gems/ruby/1.8/gems/actionpack-2.3.5/lib/action_controller/rescue.rb:160:in `perform_action_without_flash'
  vendor/gems/ruby/1.8/gems/actionpack-2.3.5/lib/action_controller/flash.rb:146:in `perform_action'
  vendor/gems/ruby/1.8/gems/actionpack-2.3.5/lib/action_controller/base.rb:532:in `send'
  vendor/gems/ruby/1.8/gems/actionpack-2.3.5/lib/action_controller/base.rb:532:in `process_without_filters'
  vendor/gems/ruby/1.8/gems/actionpack-2.3.5/lib/action_controller/filters.rb:606:in `process'
  vendor/gems/ruby/1.8/gems/actionpack-2.3.5/lib/action_controller/base.rb:391:in `process'
  vendor/gems/ruby/1.8/gems/actionpack-2.3.5/lib/action_controller/base.rb:386:in `call'
  vendor/gems/ruby/1.8/gems/actionpack-2.3.5/lib/action_controller/routing/route_set.rb:437:in `call'
  vendor/gems/ruby/1.8/gems/actionpack-2.3.5/lib/action_controller/dispatcher.rb:87:in `dispatch'
  vendor/gems/ruby/1.8/gems/actionpack-2.3.5/lib/action_controller/dispatcher.rb:121:in `_call'
  vendor/gems/ruby/1.8/gems/actionpack-2.3.5/lib/action_controller/dispatcher.rb:130:in `build_middleware_stack'
  vendor/gems/ruby/1.8/gems/activerecord-2.3.5/lib/active_record/query_cache.rb:29:in `call'
  vendor/gems/ruby/1.8/gems/activerecord-2.3.5/lib/active_record/query_cache.rb:29:in `call'
  vendor/gems/ruby/1.8/gems/activerecord-2.3.5/lib/active_record/connection_adapters/abstract/query_cache.rb:34:in `cache'
  vendor/gems/ruby/1.8/gems/activerecord-2.3.5/lib/active_record/query_cache.rb:9:in `cache'
  vendor/gems/ruby/1.8/gems/activerecord-2.3.5/lib/active_record/query_cache.rb:28:in `call'
  vendor/gems/ruby/1.8/gems/activerecord-2.3.5/lib/active_record/connection_adapters/abstract/connection_pool.rb:361:in `call'
  vendor/gems/ruby/1.8/gems/actionpack-2.3.5/lib/action_controller/string_coercion.rb:25:in `call'
  vendor/gems/ruby/1.8/gems/actionpack-2.3.5/lib/action_controller/params_parser.rb:15:in `call'
  vendor/gems/ruby/1.8/gems/actionpack-2.3.5/lib/action_controller/session/cookie_store.rb:93:in `call'
  vendor/gems/ruby/1.8/gems/actionpack-2.3.5/lib/action_controller/failsafe.rb:26:in `call'
  vendor/gems/ruby/1.8/gems/actionpack-2.3.5/lib/action_controller/dispatcher.rb:114:in `call'
  vendor/gems/ruby/1.8/gems/actionpack-2.3.5/lib/action_controller/reloader.rb:34:in `run'
  vendor/gems/ruby/1.8/gems/actionpack-2.3.5/lib/action_controller/dispatcher.rb:108:in `call'
  vendor/gems/ruby/1.8/gems/rails-2.3.5/lib/rails/rack/static.rb:31:in `call'
  vendor/gems/ruby/1.8/gems/rails-2.3.5/lib/rails/rack/log_tailer.rb:17:in `call'
  /usr/local/lib/ruby/1.8/webrick/httpserver.rb:104:in `service'
  /usr/local/lib/ruby/1.8/webrick/httpserver.rb:65:in `run'
  /usr/local/lib/ruby/1.8/webrick/server.rb:173:in `start_thread'
  /usr/local/lib/ruby/1.8/webrick/server.rb:162:in `start'
  /usr/local/lib/ruby/1.8/webrick/server.rb:162:in `start_thread'
  /usr/local/lib/ruby/1.8/webrick/server.rb:95:in `start'
  /usr/local/lib/ruby/1.8/webrick/server.rb:92:in `each'
  /usr/local/lib/ruby/1.8/webrick/server.rb:92:in `start'
  /usr/local/lib/ruby/1.8/webrick/server.rb:23:in `start'
  /usr/local/lib/ruby/1.8/webrick/server.rb:82:in `start'
  vendor/gems/ruby/1.8/gems/rails-2.3.5/lib/commands/server.rb:111

Rendering rescues/layout (internal_server_error)


Processing HomeController#index (for 127.0.0.1 at 2010-02-24 20:32:07) [GET]

ActionView::MissingTemplate (Missing template home/index.erb in view path app/views:vendor/gems/ruby/1.8/gems/clearance-0.8.7/app/views):
  vendor/gems/ruby/1.8/gems/actionpack-2.3.5/lib/action_view/paths.rb:66:in `find_template'
  vendor/gems/ruby/1.8/gems/actionpack-2.3.5/lib/action_controller/base.rb:1389:in `default_template'
  vendor/gems/ruby/1.8/gems/actionpack-2.3.5/lib/action_controller/base.rb:905:in `render_without_benchmark'
  vendor/gems/ruby/1.8/gems/actionpack-2.3.5/lib/action_controller/benchmarking.rb:51:in `render'
  vendor/gems/ruby/1.8/gems/actionpack-2.3.5/lib/action_controller/benchmarking.rb:51:in `render'
  vendor/gems/ruby/1.8/gems/actionpack-2.3.5/lib/action_controller/base.rb:1326:in `default_render'
  vendor/gems/ruby/1.8/gems/actionpack-2.3.5/lib/action_controller/base.rb:1332:in `perform_action_without_filters'
  vendor/gems/ruby/1.8/gems/actionpack-2.3.5/lib/action_controller/filters.rb:617:in `call_filters'
  vendor/gems/ruby/1.8/gems/actionpack-2.3.5/lib/action_controller/filters.rb:610:in `perform_action_without_benchmark'
  vendor/gems/ruby/1.8/gems/actionpack-2.3.5/lib/action_controller/benchmarking.rb:68:in `perform_action_without_rescue'
  vendor/gems/ruby/1.8/gems/actionpack-2.3.5/lib/action_controller/benchmarking.rb:68:in `perform_action_without_rescue'
  vendor/gems/ruby/1.8/gems/actionpack-2.3.5/lib/action_controller/rescue.rb:160:in `perform_action_without_flash'
  vendor/gems/ruby/1.8/gems/actionpack-2.3.5/lib/action_controller/flash.rb:146:in `perform_action'
  vendor/gems/ruby/1.8/gems/actionpack-2.3.5/lib/action_controller/base.rb:532:in `send'
  vendor/gems/ruby/1.8/gems/actionpack-2.3.5/lib/action_controller/base.rb:532:in `process_without_filters'
  vendor/gems/ruby/1.8/gems/actionpack-2.3.5/lib/action_controller/filters.rb:606:in `process'
  vendor/gems/ruby/1.8/gems/actionpack-2.3.5/lib/action_controller/base.rb:391:in `process'
  vendor/gems/ruby/1.8/gems/actionpack-2.3.5/lib/action_controller/base.rb:386:in `call'
  vendor/gems/ruby/1.8/gems/actionpack-2.3.5/lib/action_controller/routing/route_set.rb:437:in `call'
  vendor/gems/ruby/1.8/gems/actionpack-2.3.5/lib/action_controller/dispatcher.rb:87:in `dispatch'
  vendor/gems/ruby/1.8/gems/actionpack-2.3.5/lib/action_controller/dispatcher.rb:121:in `_call'
  vendor/gems/ruby/1.8/gems/actionpack-2.3.5/lib/action_controller/dispatcher.rb:130:in `build_middleware_stack'
  vendor/gems/ruby/1.8/gems/activerecord-2.3.5/lib/active_record/query_cache.rb:29:in `call'
  vendor/gems/ruby/1.8/gems/activerecord-2.3.5/lib/active_record/query_cache.rb:29:in `call'
  vendor/gems/ruby/1.8/gems/activerecord-2.3.5/lib/active_record/connection_adapters/abstract/query_cache.rb:34:in `cache'
  vendor/gems/ruby/1.8/gems/activerecord-2.3.5/lib/active_record/query_cache.rb:9:in `cache'
  vendor/gems/ruby/1.8/gems/activerecord-2.3.5/lib/active_record/query_cache.rb:28:in `call'
  vendor/gems/ruby/1.8/gems/activerecord-2.3.5/lib/active_record/connection_adapters/abstract/connection_pool.rb:361:in `call'
  vendor/gems/ruby/1.8/gems/actionpack-2.3.5/lib/action_controller/string_coercion.rb:25:in `call'
  vendor/gems/ruby/1.8/gems/actionpack-2.3.5/lib/action_controller/params_parser.rb:15:in `call'
  vendor/gems/ruby/1.8/gems/actionpack-2.3.5/lib/action_controller/session/cookie_store.rb:93:in `call'
  vendor/gems/ruby/1.8/gems/actionpack-2.3.5/lib/action_controller/failsafe.rb:26:in `call'
  vendor/gems/ruby/1.8/gems/actionpack-2.3.5/lib/action_controller/dispatcher.rb:114:in `call'
  vendor/gems/ruby/1.8/gems/actionpack-2.3.5/lib/action_controller/reloader.rb:34:in `run'
  vendor/gems/ruby/1.8/gems/actionpack-2.3.5/lib/action_controller/dispatcher.rb:108:in `call'
  vendor/gems/ruby/1.8/gems/rails-2.3.5/lib/rails/rack/static.rb:31:in `call'
  vendor/gems/ruby/1.8/gems/rails-2.3.5/lib/rails/rack/log_tailer.rb:17:in `call'
  /usr/local/lib/ruby/1.8/webrick/httpserver.rb:104:in `service'
  /usr/local/lib/ruby/1.8/webrick/httpserver.rb:65:in `run'
  /usr/local/lib/ruby/1.8/webrick/server.rb:173:in `start_thread'
  /usr/local/lib/ruby/1.8/webrick/server.rb:162:in `start'
  /usr/local/lib/ruby/1.8/webrick/server.rb:162:in `start_thread'
  /usr/local/lib/ruby/1.8/webrick/server.rb:95:in `start'
  /usr/local/lib/ruby/1.8/webrick/server.rb:92:in `each'
  /usr/local/lib/ruby/1.8/webrick/server.rb:92:in `start'
  /usr/local/lib/ruby/1.8/webrick/server.rb:23:in `start'
  /usr/local/lib/ruby/1.8/webrick/server.rb:82:in `start'
  vendor/gems/ruby/1.8/gems/rails-2.3.5/lib/commands/server.rb:111

Rendering rescues/layout (internal_server_error)


Processing HomeController#index (for 127.0.0.1 at 2010-02-24 20:32:56) [GET]

NoMethodError (undefined method `default' for #<HomeController:0x2a523f8>):
  vendor/gems/ruby/1.8/gems/actionpack-2.3.5/lib/action_controller/layout.rb:211:in `__send__'
  vendor/gems/ruby/1.8/gems/actionpack-2.3.5/lib/action_controller/layout.rb:211:in `active_layout'
  vendor/gems/ruby/1.8/gems/actionpack-2.3.5/lib/action_controller/layout.rb:240:in `pick_layout'
  vendor/gems/ruby/1.8/gems/actionpack-2.3.5/lib/action_controller/base.rb:924:in `render_without_benchmark'
  vendor/gems/ruby/1.8/gems/actionpack-2.3.5/lib/action_controller/benchmarking.rb:51:in `render'
  vendor/gems/ruby/1.8/gems/actionpack-2.3.5/lib/action_controller/benchmarking.rb:51:in `render'
  vendor/gems/ruby/1.8/gems/actionpack-2.3.5/lib/action_controller/base.rb:1326:in `default_render'
  vendor/gems/ruby/1.8/gems/actionpack-2.3.5/lib/action_controller/base.rb:1332:in `perform_action_without_filters'
  vendor/gems/ruby/1.8/gems/actionpack-2.3.5/lib/action_controller/filters.rb:617:in `call_filters'
  vendor/gems/ruby/1.8/gems/actionpack-2.3.5/lib/action_controller/filters.rb:610:in `perform_action_without_benchmark'
  vendor/gems/ruby/1.8/gems/actionpack-2.3.5/lib/action_controller/benchmarking.rb:68:in `perform_action_without_rescue'
  vendor/gems/ruby/1.8/gems/actionpack-2.3.5/lib/action_controller/benchmarking.rb:68:in `perform_action_without_rescue'
  vendor/gems/ruby/1.8/gems/actionpack-2.3.5/lib/action_controller/rescue.rb:160:in `perform_action_without_flash'
  vendor/gems/ruby/1.8/gems/actionpack-2.3.5/lib/action_controller/flash.rb:146:in `perform_action'
  vendor/gems/ruby/1.8/gems/actionpack-2.3.5/lib/action_controller/base.rb:532:in `send'
  vendor/gems/ruby/1.8/gems/actionpack-2.3.5/lib/action_controller/base.rb:532:in `process_without_filters'
  vendor/gems/ruby/1.8/gems/actionpack-2.3.5/lib/action_controller/filters.rb:606:in `sass_old_process'
  vendor/gems/ruby/1.8/gems/haml-2.2.20/rails/./lib/sass/plugin/rails.rb:20:in `process'
  vendor/gems/ruby/1.8/gems/actionpack-2.3.5/lib/action_controller/base.rb:391:in `process'
  vendor/gems/ruby/1.8/gems/actionpack-2.3.5/lib/action_controller/base.rb:386:in `call'
  vendor/gems/ruby/1.8/gems/actionpack-2.3.5/lib/action_controller/routing/route_set.rb:437:in `call'
  vendor/gems/ruby/1.8/gems/actionpack-2.3.5/lib/action_controller/dispatcher.rb:87:in `dispatch'
  vendor/gems/ruby/1.8/gems/actionpack-2.3.5/lib/action_controller/dispatcher.rb:121:in `_call'
  vendor/gems/ruby/1.8/gems/actionpack-2.3.5/lib/action_controller/dispatcher.rb:130:in `build_middleware_stack'
  vendor/gems/ruby/1.8/gems/activerecord-2.3.5/lib/active_record/query_cache.rb:29:in `call'
  vendor/gems/ruby/1.8/gems/activerecord-2.3.5/lib/active_record/query_cache.rb:29:in `call'
  vendor/gems/ruby/1.8/gems/activerecord-2.3.5/lib/active_record/connection_adapters/abstract/query_cache.rb:34:in `cache'
  vendor/gems/ruby/1.8/gems/activerecord-2.3.5/lib/active_record/query_cache.rb:9:in `cache'
  vendor/gems/ruby/1.8/gems/activerecord-2.3.5/lib/active_record/query_cache.rb:28:in `call'
  vendor/gems/ruby/1.8/gems/activerecord-2.3.5/lib/active_record/connection_adapters/abstract/connection_pool.rb:361:in `call'
  vendor/gems/ruby/1.8/gems/actionpack-2.3.5/lib/action_controller/string_coercion.rb:25:in `call'
  vendor/gems/ruby/1.8/gems/actionpack-2.3.5/lib/action_controller/params_parser.rb:15:in `call'
  vendor/gems/ruby/1.8/gems/actionpack-2.3.5/lib/action_controller/session/cookie_store.rb:93:in `call'
  vendor/gems/ruby/1.8/gems/actionpack-2.3.5/lib/action_controller/failsafe.rb:26:in `call'
  vendor/gems/ruby/1.8/gems/actionpack-2.3.5/lib/action_controller/dispatcher.rb:114:in `call'
  vendor/gems/ruby/1.8/gems/actionpack-2.3.5/lib/action_controller/reloader.rb:34:in `run'
  vendor/gems/ruby/1.8/gems/actionpack-2.3.5/lib/action_controller/dispatcher.rb:108:in `call'
  vendor/gems/ruby/1.8/gems/rails-2.3.5/lib/rails/rack/static.rb:31:in `call'
  vendor/gems/ruby/1.8/gems/rails-2.3.5/lib/rails/rack/log_tailer.rb:17:in `call'
  /usr/local/lib/ruby/1.8/webrick/httpserver.rb:104:in `service'
  /usr/local/lib/ruby/1.8/webrick/httpserver.rb:65:in `run'
  /usr/local/lib/ruby/1.8/webrick/server.rb:173:in `start_thread'
  /usr/local/lib/ruby/1.8/webrick/server.rb:162:in `start'
  /usr/local/lib/ruby/1.8/webrick/server.rb:162:in `start_thread'
  /usr/local/lib/ruby/1.8/webrick/server.rb:95:in `start'
  /usr/local/lib/ruby/1.8/webrick/server.rb:92:in `each'
  /usr/local/lib/ruby/1.8/webrick/server.rb:92:in `start'
  /usr/local/lib/ruby/1.8/webrick/server.rb:23:in `start'
  /usr/local/lib/ruby/1.8/webrick/server.rb:82:in `start'
  vendor/gems/ruby/1.8/gems/rails-2.3.5/lib/commands/server.rb:111

Rendered rescues/_trace (43.9ms)
Rendered rescues/_request_and_response (1.3ms)
Rendering rescues/layout (internal_server_error)


Processing HomeController#index (for 127.0.0.1 at 2010-02-24 20:33:13) [GET]
Rendering template within layouts/default
Rendering home/index
  [4;36;1mUser Load (0.2ms)[0m   [0;1mSELECT * FROM "users" WHERE ("users"."remember_token" = '09e9b7e77a5757061917329abb5b04da34f4d815') LIMIT 1[0m
Rendered layouts/_flashes (1.2ms)
Completed in 81ms (View: 79, DB: 0) | 200 OK [http://localhost/]


Processing ApplicationController#index (for 127.0.0.1 at 2010-02-24 20:33:14) [GET]

ActionController::RoutingError (No route matches "/stylesheets/default.css" with {:method=>:get}):
  vendor/gems/ruby/1.8/gems/actionpack-2.3.5/lib/action_controller/routing/recognition_optimisation.rb:66:in `recognize_path'
  vendor/gems/ruby/1.8/gems/actionpack-2.3.5/lib/action_controller/routing/route_set.rb:441:in `recognize'
  vendor/gems/ruby/1.8/gems/actionpack-2.3.5/lib/action_controller/routing/route_set.rb:436:in `call'
  vendor/gems/ruby/1.8/gems/actionpack-2.3.5/lib/action_controller/dispatcher.rb:87:in `dispatch'
  vendor/gems/ruby/1.8/gems/actionpack-2.3.5/lib/action_controller/dispatcher.rb:121:in `_call'
  vendor/gems/ruby/1.8/gems/actionpack-2.3.5/lib/action_controller/dispatcher.rb:130:in `build_middleware_stack'
  vendor/gems/ruby/1.8/gems/activerecord-2.3.5/lib/active_record/query_cache.rb:29:in `call'
  vendor/gems/ruby/1.8/gems/activerecord-2.3.5/lib/active_record/query_cache.rb:29:in `call'
  vendor/gems/ruby/1.8/gems/activerecord-2.3.5/lib/active_record/connection_adapters/abstract/query_cache.rb:34:in `cache'
  vendor/gems/ruby/1.8/gems/activerecord-2.3.5/lib/active_record/query_cache.rb:9:in `cache'
  vendor/gems/ruby/1.8/gems/activerecord-2.3.5/lib/active_record/query_cache.rb:28:in `call'
  vendor/gems/ruby/1.8/gems/activerecord-2.3.5/lib/active_record/connection_adapters/abstract/connection_pool.rb:361:in `call'
  vendor/gems/ruby/1.8/gems/actionpack-2.3.5/lib/action_controller/string_coercion.rb:25:in `call'
  vendor/gems/ruby/1.8/gems/actionpack-2.3.5/lib/action_controller/params_parser.rb:15:in `call'
  vendor/gems/ruby/1.8/gems/actionpack-2.3.5/lib/action_controller/session/cookie_store.rb:93:in `call'
  vendor/gems/ruby/1.8/gems/actionpack-2.3.5/lib/action_controller/failsafe.rb:26:in `call'
  vendor/gems/ruby/1.8/gems/actionpack-2.3.5/lib/action_controller/dispatcher.rb:114:in `call'
  vendor/gems/ruby/1.8/gems/actionpack-2.3.5/lib/action_controller/reloader.rb:34:in `run'
  vendor/gems/ruby/1.8/gems/actionpack-2.3.5/lib/action_controller/dispatcher.rb:108:in `call'
  vendor/gems/ruby/1.8/gems/rails-2.3.5/lib/rails/rack/static.rb:31:in `call'
  vendor/gems/ruby/1.8/gems/rails-2.3.5/lib/rails/rack/log_tailer.rb:17:in `call'
  /usr/local/lib/ruby/1.8/webrick/httpserver.rb:104:in `service'
  /usr/local/lib/ruby/1.8/webrick/httpserver.rb:65:in `run'
  /usr/local/lib/ruby/1.8/webrick/server.rb:173:in `start_thread'
  /usr/local/lib/ruby/1.8/webrick/server.rb:162:in `start'
  /usr/local/lib/ruby/1.8/webrick/server.rb:162:in `start_thread'
  /usr/local/lib/ruby/1.8/webrick/server.rb:95:in `start'
  /usr/local/lib/ruby/1.8/webrick/server.rb:92:in `each'
  /usr/local/lib/ruby/1.8/webrick/server.rb:92:in `start'
  /usr/local/lib/ruby/1.8/webrick/server.rb:23:in `start'
  /usr/local/lib/ruby/1.8/webrick/server.rb:82:in `start'
  vendor/gems/ruby/1.8/gems/rails-2.3.5/lib/commands/server.rb:111

Rendering rescues/layout (not_found)
  [4;36;1mSQL (0.5ms)[0m   [0;1m SELECT name
 FROM sqlite_master
 WHERE type = 'table' AND NOT name = 'sqlite_sequence'
[0m
  [4;35;1mSQL (0.1ms)[0m   [0mSELECT version FROM schema_migrations[0m
  [4;36;1mSQL (0.1ms)[0m   [0;1mselect sqlite_version(*)[0m
  [4;35;1mSQL (0.4ms)[0m   [0m SELECT name
 FROM sqlite_master
 WHERE type = 'table' AND NOT name = 'sqlite_sequence'
[0m
  [4;36;1mSQL (3.6ms)[0m   [0;1mCREATE TABLE "users" ("id" INTEGER PRIMARY KEY AUTOINCREMENT NOT NULL, "email" varchar(255), "encrypted_password" varchar(128), "salt" varchar(128), "confirmation_token" varchar(128), "remember_token" varchar(128), "email_confirmed" boolean DEFAULT 'f' NOT NULL, "created_at" datetime, "updated_at" datetime) [0m
  [4;35;1mSQL (2.1ms)[0m   [0mCREATE INDEX "index_users_on_email" ON "users" ("email")[0m
  [4;36;1mSQL (2.2ms)[0m   [0;1mCREATE INDEX "index_users_on_id_and_confirmation_token" ON "users" ("id", "confirmation_token")[0m
  [4;35;1mSQL (2.2ms)[0m   [0mCREATE INDEX "index_users_on_remember_token" ON "users" ("remember_token")[0m
  [4;36;1mSQL (0.2ms)[0m   [0;1m SELECT name
 FROM sqlite_master
 WHERE type = 'table' AND NOT name = 'sqlite_sequence'
[0m
  [4;35;1mSQL (1.9ms)[0m   [0mCREATE TABLE "schema_migrations" ("version" varchar(255) NOT NULL) [0m
  [4;36;1mSQL (2.2ms)[0m   [0;1mCREATE UNIQUE INDEX "unique_schema_migrations" ON "schema_migrations" ("version")[0m
  [4;35;1mSQL (0.3ms)[0m   [0m SELECT name
 FROM sqlite_master
 WHERE type = 'table' AND NOT name = 'sqlite_sequence'
[0m
  [4;36;1mSQL (0.1ms)[0m   [0;1mSELECT version FROM "schema_migrations"[0m
  [4;35;1mSQL (1.7ms)[0m   [0mINSERT INTO "schema_migrations" (version) VALUES ('20100224202042')[0m
  [4;36;1mSQL (0.5ms)[0m   [0;1m SELECT name
 FROM sqlite_master
 WHERE type = 'table' AND NOT name = 'sqlite_sequence'
[0m
  [4;35;1mSQL (0.1ms)[0m   [0mSELECT version FROM schema_migrations[0m
  [4;36;1mSQL (0.1ms)[0m   [0;1mselect sqlite_version(*)[0m
  [4;35;1mSQL (0.2ms)[0m   [0m SELECT name
 FROM sqlite_master
 WHERE type = 'table' AND NOT name = 'sqlite_sequence'
[0m
  [4;36;1mSQL (3.4ms)[0m   [0;1mCREATE TABLE "users" ("id" INTEGER PRIMARY KEY AUTOINCREMENT NOT NULL, "email" varchar(255), "encrypted_password" varchar(128), "salt" varchar(128), "confirmation_token" varchar(128), "remember_token" varchar(128), "email_confirmed" boolean DEFAULT 'f' NOT NULL, "created_at" datetime, "updated_at" datetime) [0m
  [4;35;1mSQL (1.9ms)[0m   [0mCREATE INDEX "index_users_on_email" ON "users" ("email")[0m
  [4;36;1mSQL (2.2ms)[0m   [0;1mCREATE INDEX "index_users_on_id_and_confirmation_token" ON "users" ("id", "confirmation_token")[0m
  [4;35;1mSQL (2.3ms)[0m   [0mCREATE INDEX "index_users_on_remember_token" ON "users" ("remember_token")[0m
  [4;36;1mSQL (0.2ms)[0m   [0;1m SELECT name
 FROM sqlite_master
 WHERE type = 'table' AND NOT name = 'sqlite_sequence'
[0m
  [4;35;1mSQL (2.1ms)[0m   [0mCREATE TABLE "schema_migrations" ("version" varchar(255) NOT NULL) [0m
  [4;36;1mSQL (2.2ms)[0m   [0;1mCREATE UNIQUE INDEX "unique_schema_migrations" ON "schema_migrations" ("version")[0m
  [4;35;1mSQL (0.4ms)[0m   [0m SELECT name
 FROM sqlite_master
 WHERE type = 'table' AND NOT name = 'sqlite_sequence'
[0m
  [4;36;1mSQL (0.2ms)[0m   [0;1mSELECT version FROM "schema_migrations"[0m
  [4;35;1mSQL (1.9ms)[0m   [0mINSERT INTO "schema_migrations" (version) VALUES ('20100224202042')[0m
